\BOOKMARK [1][-]{section.1}{Introduzione}{}% 1
\BOOKMARK [2][-]{subsection.1.1}{Scopo del documento}{section.1}% 2
\BOOKMARK [3][-]{subsubsection.1.1.1}{Scopo del Prodotto}{subsection.1.1}% 3
\BOOKMARK [2][-]{subsection.1.2}{Glossario}{section.1}% 4
\BOOKMARK [2][-]{subsection.1.3}{Riferimenti}{section.1}% 5
\BOOKMARK [1][-]{section.2}{Visione generale della strategia di verifica}{}% 6
\BOOKMARK [2][-]{subsection.2.1}{Definizione obiettivi}{section.2}% 7
\BOOKMARK [3][-]{subsubsection.2.1.1}{Qualit\340 di processo}{subsection.2.1}% 8
\BOOKMARK [3][-]{subsubsection.2.1.2}{Qualit\340 di prodotto}{subsection.2.1}% 9
\BOOKMARK [2][-]{subsection.2.2}{Procedure di controllo di qualit\340 di processo}{section.2}% 10
\BOOKMARK [2][-]{subsection.2.3}{Procedure di controllo di qualit\340 di prodotto}{section.2}% 11
\BOOKMARK [2][-]{subsection.2.4}{Organizzazione}{section.2}% 12
\BOOKMARK [2][-]{subsection.2.5}{Pianificazione strategica e temporale}{section.2}% 13
\BOOKMARK [2][-]{subsection.2.6}{Responsabilit\340}{section.2}% 14
\BOOKMARK [2][-]{subsection.2.7}{Risorse}{section.2}% 15
\BOOKMARK [2][-]{subsection.2.8}{Tecniche di analisi}{section.2}% 16
\BOOKMARK [3][-]{subsubsection.2.8.1}{Analisi statica}{subsection.2.8}% 17
\BOOKMARK [4][-]{paragraph.2.8.1.1}{Walkthrough}{subsubsection.2.8.1}% 18
\BOOKMARK [4][-]{paragraph.2.8.1.2}{Inspection}{subsubsection.2.8.1}% 19
\BOOKMARK [3][-]{subsubsection.2.8.2}{Analisi dinamica}{subsection.2.8}% 20
\BOOKMARK [4][-]{paragraph.2.8.2.1}{Test di unit\340}{subsubsection.2.8.2}% 21
\BOOKMARK [4][-]{paragraph.2.8.2.2}{Test di integrazione}{subsubsection.2.8.2}% 22
\BOOKMARK [4][-]{paragraph.2.8.2.3}{Test di sistema}{subsubsection.2.8.2}% 23
\BOOKMARK [4][-]{paragraph.2.8.2.4}{Test di regressione}{subsubsection.2.8.2}% 24
\BOOKMARK [4][-]{paragraph.2.8.2.5}{Test di accettazione}{subsubsection.2.8.2}% 25
\BOOKMARK [2][-]{subsection.2.9}{Misure e metriche}{section.2}% 26
\BOOKMARK [3][-]{subsubsection.2.9.1}{Metriche per i processi}{subsection.2.9}% 27
\BOOKMARK [4][-]{paragraph.2.9.1.1}{Schedule Variance \(SV\)}{subsubsection.2.9.1}% 28
\BOOKMARK [4][-]{paragraph.2.9.1.2}{Budget Variance \(BV\)}{subsubsection.2.9.1}% 29
\BOOKMARK [3][-]{subsubsection.2.9.2}{Metriche per i documenti}{subsection.2.9}% 30
\BOOKMARK [4][-]{paragraph.2.9.2.1}{GulpeaseG\(?\)}{subsubsection.2.9.2}% 31
\BOOKMARK [3][-]{subsubsection.2.9.3}{Metriche per il software}{subsection.2.9}% 32
\BOOKMARK [4][-]{paragraph.2.9.3.1}{Numero di livelli di annidamento}{subsubsection.2.9.3}% 33
\BOOKMARK [4][-]{paragraph.2.9.3.2}{Numero di attributi per classe}{subsubsection.2.9.3}% 34
\BOOKMARK [4][-]{paragraph.2.9.3.3}{Numero di parametri per metodo}{subsubsection.2.9.3}% 35
\BOOKMARK [4][-]{paragraph.2.9.3.4}{Linee di codice per linee di commento}{subsubsection.2.9.3}% 36
\BOOKMARK [4][-]{paragraph.2.9.3.5}{Copertura di codice}{subsubsection.2.9.3}% 37
\BOOKMARK [1][-]{section.3}{Gestione amministrativa della revisione}{}% 38
\BOOKMARK [2][-]{subsection.3.1}{Comunicazione e risoluzione di anomalie}{section.3}% 39
\BOOKMARK [1][-]{section.4}{Standard di qualit\340}{}% 40
\BOOKMARK [2][-]{subsection.4.1}{Standard ISO/IEC 15504}{section.4}% 41
\BOOKMARK [2][-]{subsection.4.2}{Ciclo di Deming}{section.4}% 42
\BOOKMARK [2][-]{subsection.4.3}{Standard ISO/IEC 9126}{section.4}% 43
