This is pdfTeX, Version 3.1415926-2.5-1.40.14 (TeX Live 2013/Debian) (format=pdflatex 2016.3.9)  17 MAR 2016 16:38
entering extended mode
 restricted \write18 enabled.
 %&-line parsing enabled.
**Analisi_dei_Requisiti.tex
(./Analisi_dei_Requisiti.tex
LaTeX2e <2011/06/27>
Babel <3.9h> and hyphenation patterns for 29 languages loaded.
(../template/config.tex) (../template/structure.tex
(/usr/share/texlive/texmf-dist/tex/latex/base/article.cls
Document Class: article 2007/10/19 v1.4h Standard LaTeX document class
(/usr/share/texlive/texmf-dist/tex/latex/base/size11.clo
File: size11.clo 2007/10/19 v1.4h Standard LaTeX file (size option)
)
\c@part=\count79
\c@section=\count80
\c@subsection=\count81
\c@subsubsection=\count82
\c@paragraph=\count83
\c@subparagraph=\count84
\c@figure=\count85
\c@table=\count86
\abovecaptionskip=\skip41
\belowcaptionskip=\skip42
\bibindent=\dimen102
)
(/usr/share/texlive/texmf-dist/tex/latex/base/fontenc.sty
Package: fontenc 2005/09/27 v1.99g Standard LaTeX package

(/usr/share/texlive/texmf-dist/tex/latex/base/t1enc.def
File: t1enc.def 2005/09/27 v1.99g Standard LaTeX file
LaTeX Font Info:    Redeclaring font encoding T1 on input line 43.
))
(/usr/share/texlive/texmf-dist/tex/latex/gillius/gillius.sty
Package: gillius 2013/11/03 (Bob Tennent) Supports Gillius fonts for all LaTeX 
engines.

(/usr/share/texlive/texmf-dist/tex/generic/ifxetex/ifxetex.sty
Package: ifxetex 2010/09/12 v0.6 Provides ifxetex conditional
)
(/usr/share/texlive/texmf-dist/tex/generic/oberdiek/ifluatex.sty
Package: ifluatex 2010/03/01 v1.3 Provides the ifluatex switch (HO)
Package ifluatex Info: LuaTeX not detected.
)
(/usr/share/texlive/texmf-dist/tex/latex/xkeyval/xkeyval.sty
Package: xkeyval 2012/10/14 v2.6b package option processing (HA)

(/usr/share/texlive/texmf-dist/tex/generic/xkeyval/xkeyval.tex
\XKV@toks=\toks14
\XKV@tempa@toks=\toks15
\XKV@depth=\count87
File: xkeyval.tex 2012/10/14 v2.6b key=value parser (HA)

(/usr/share/texlive/texmf-dist/tex/generic/xkeyval/keyval.tex)))
(/usr/share/texlive/texmf-dist/tex/latex/base/textcomp.sty
Package: textcomp 2005/09/27 v1.99g Standard LaTeX package
Package textcomp Info: Sub-encoding information:
(textcomp)               5 = only ISO-Adobe without \textcurrency
(textcomp)               4 = 5 + \texteuro
(textcomp)               3 = 4 + \textohm
(textcomp)               2 = 3 + \textestimated + \textcurrency
(textcomp)               1 = TS1 - \textcircled - \t
(textcomp)               0 = TS1 (full)
(textcomp)             Font families with sub-encoding setting implement
(textcomp)             only a restricted character set as indicated.
(textcomp)             Family '?' is the default used for unknown fonts.
(textcomp)             See the documentation for details.
Package textcomp Info: Setting ? sub-encoding to TS1/1 on input line 71.

(/usr/share/texlive/texmf-dist/tex/latex/base/ts1enc.def
File: ts1enc.def 2001/06/05 v3.0e (jk/car/fm) Standard LaTeX file
)
LaTeX Info: Redefining \oldstylenums on input line 266.
Package textcomp Info: Setting cmr sub-encoding to TS1/0 on input line 281.
Package textcomp Info: Setting cmss sub-encoding to TS1/0 on input line 282.
Package textcomp Info: Setting cmtt sub-encoding to TS1/0 on input line 283.
Package textcomp Info: Setting cmvtt sub-encoding to TS1/0 on input line 284.
Package textcomp Info: Setting cmbr sub-encoding to TS1/0 on input line 285.
Package textcomp Info: Setting cmtl sub-encoding to TS1/0 on input line 286.
Package textcomp Info: Setting ccr sub-encoding to TS1/0 on input line 287.
Package textcomp Info: Setting ptm sub-encoding to TS1/4 on input line 288.
Package textcomp Info: Setting pcr sub-encoding to TS1/4 on input line 289.
Package textcomp Info: Setting phv sub-encoding to TS1/4 on input line 290.
Package textcomp Info: Setting ppl sub-encoding to TS1/3 on input line 291.
Package textcomp Info: Setting pag sub-encoding to TS1/4 on input line 292.
Package textcomp Info: Setting pbk sub-encoding to TS1/4 on input line 293.
Package textcomp Info: Setting pnc sub-encoding to TS1/4 on input line 294.
Package textcomp Info: Setting pzc sub-encoding to TS1/4 on input line 295.
Package textcomp Info: Setting bch sub-encoding to TS1/4 on input line 296.
Package textcomp Info: Setting put sub-encoding to TS1/5 on input line 297.
Package textcomp Info: Setting uag sub-encoding to TS1/5 on input line 298.
Package textcomp Info: Setting ugq sub-encoding to TS1/5 on input line 299.
Package textcomp Info: Setting ul8 sub-encoding to TS1/4 on input line 300.
Package textcomp Info: Setting ul9 sub-encoding to TS1/4 on input line 301.
Package textcomp Info: Setting augie sub-encoding to TS1/5 on input line 302.
Package textcomp Info: Setting dayrom sub-encoding to TS1/3 on input line 303.
Package textcomp Info: Setting dayroms sub-encoding to TS1/3 on input line 304.

Package textcomp Info: Setting pxr sub-encoding to TS1/0 on input line 305.
Package textcomp Info: Setting pxss sub-encoding to TS1/0 on input line 306.
Package textcomp Info: Setting pxtt sub-encoding to TS1/0 on input line 307.
Package textcomp Info: Setting txr sub-encoding to TS1/0 on input line 308.
Package textcomp Info: Setting txss sub-encoding to TS1/0 on input line 309.
Package textcomp Info: Setting txtt sub-encoding to TS1/0 on input line 310.
Package textcomp Info: Setting lmr sub-encoding to TS1/0 on input line 311.
Package textcomp Info: Setting lmdh sub-encoding to TS1/0 on input line 312.
Package textcomp Info: Setting lmss sub-encoding to TS1/0 on input line 313.
Package textcomp Info: Setting lmssq sub-encoding to TS1/0 on input line 314.
Package textcomp Info: Setting lmvtt sub-encoding to TS1/0 on input line 315.
Package textcomp Info: Setting qhv sub-encoding to TS1/0 on input line 316.
Package textcomp Info: Setting qag sub-encoding to TS1/0 on input line 317.
Package textcomp Info: Setting qbk sub-encoding to TS1/0 on input line 318.
Package textcomp Info: Setting qcr sub-encoding to TS1/0 on input line 319.
Package textcomp Info: Setting qcs sub-encoding to TS1/0 on input line 320.
Package textcomp Info: Setting qpl sub-encoding to TS1/0 on input line 321.
Package textcomp Info: Setting qtm sub-encoding to TS1/0 on input line 322.
Package textcomp Info: Setting qzc sub-encoding to TS1/0 on input line 323.
Package textcomp Info: Setting qhvc sub-encoding to TS1/0 on input line 324.
Package textcomp Info: Setting futs sub-encoding to TS1/4 on input line 325.
Package textcomp Info: Setting futx sub-encoding to TS1/4 on input line 326.
Package textcomp Info: Setting futj sub-encoding to TS1/4 on input line 327.
Package textcomp Info: Setting hlh sub-encoding to TS1/3 on input line 328.
Package textcomp Info: Setting hls sub-encoding to TS1/3 on input line 329.
Package textcomp Info: Setting hlst sub-encoding to TS1/3 on input line 330.
Package textcomp Info: Setting hlct sub-encoding to TS1/5 on input line 331.
Package textcomp Info: Setting hlx sub-encoding to TS1/5 on input line 332.
Package textcomp Info: Setting hlce sub-encoding to TS1/5 on input line 333.
Package textcomp Info: Setting hlcn sub-encoding to TS1/5 on input line 334.
Package textcomp Info: Setting hlcw sub-encoding to TS1/5 on input line 335.
Package textcomp Info: Setting hlcf sub-encoding to TS1/5 on input line 336.
Package textcomp Info: Setting pplx sub-encoding to TS1/3 on input line 337.
Package textcomp Info: Setting pplj sub-encoding to TS1/3 on input line 338.
Package textcomp Info: Setting ptmx sub-encoding to TS1/4 on input line 339.
Package textcomp Info: Setting ptmj sub-encoding to TS1/4 on input line 340.
)
(/usr/share/texlive/texmf-dist/tex/latex/base/fontenc.sty
Package: fontenc 2005/09/27 v1.99g Standard LaTeX package
)
(/usr/share/texlive/texmf-dist/tex/latex/fontaxes/fontaxes.sty
Package: fontaxes 2011/12/16 v1.0c Font selection axes
LaTeX Info: Redefining \upshape on input line 29.
LaTeX Info: Redefining \itshape on input line 31.
LaTeX Info: Redefining \slshape on input line 33.
LaTeX Info: Redefining \scshape on input line 37.
))
(/usr/share/texlive/texmf-dist/tex/latex/base/inputenc.sty
Package: inputenc 2008/03/30 v1.1d Input encoding file
\inpenc@prehook=\toks16
\inpenc@posthook=\toks17

(/usr/share/texlive/texmf-dist/tex/latex/base/utf8.def
File: utf8.def 2008/04/05 v1.1m UTF-8 support for inputenc
Now handling font encoding OML ...
... no UTF-8 mapping file for font encoding OML
Now handling font encoding T1 ...
... processing UTF-8 mapping file for font encoding T1

(/usr/share/texlive/texmf-dist/tex/latex/base/t1enc.dfu
File: t1enc.dfu 2008/04/05 v1.1m UTF-8 support for inputenc
   defining Unicode char U+00A1 (decimal 161)
   defining Unicode char U+00A3 (decimal 163)
   defining Unicode char U+00AB (decimal 171)
   defining Unicode char U+00BB (decimal 187)
   defining Unicode char U+00BF (decimal 191)
   defining Unicode char U+00C0 (decimal 192)
   defining Unicode char U+00C1 (decimal 193)
   defining Unicode char U+00C2 (decimal 194)
   defining Unicode char U+00C3 (decimal 195)
   defining Unicode char U+00C4 (decimal 196)
   defining Unicode char U+00C5 (decimal 197)
   defining Unicode char U+00C6 (decimal 198)
   defining Unicode char U+00C7 (decimal 199)
   defining Unicode char U+00C8 (decimal 200)
   defining Unicode char U+00C9 (decimal 201)
   defining Unicode char U+00CA (decimal 202)
   defining Unicode char U+00CB (decimal 203)
   defining Unicode char U+00CC (decimal 204)
   defining Unicode char U+00CD (decimal 205)
   defining Unicode char U+00CE (decimal 206)
   defining Unicode char U+00CF (decimal 207)
   defining Unicode char U+00D0 (decimal 208)
   defining Unicode char U+00D1 (decimal 209)
   defining Unicode char U+00D2 (decimal 210)
   defining Unicode char U+00D3 (decimal 211)
   defining Unicode char U+00D4 (decimal 212)
   defining Unicode char U+00D5 (decimal 213)
   defining Unicode char U+00D6 (decimal 214)
   defining Unicode char U+00D8 (decimal 216)
   defining Unicode char U+00D9 (decimal 217)
   defining Unicode char U+00DA (decimal 218)
   defining Unicode char U+00DB (decimal 219)
   defining Unicode char U+00DC (decimal 220)
   defining Unicode char U+00DD (decimal 221)
   defining Unicode char U+00DE (decimal 222)
   defining Unicode char U+00DF (decimal 223)
   defining Unicode char U+00E0 (decimal 224)
   defining Unicode char U+00E1 (decimal 225)
   defining Unicode char U+00E2 (decimal 226)
   defining Unicode char U+00E3 (decimal 227)
   defining Unicode char U+00E4 (decimal 228)
   defining Unicode char U+00E5 (decimal 229)
   defining Unicode char U+00E6 (decimal 230)
   defining Unicode char U+00E7 (decimal 231)
   defining Unicode char U+00E8 (decimal 232)
   defining Unicode char U+00E9 (decimal 233)
   defining Unicode char U+00EA (decimal 234)
   defining Unicode char U+00EB (decimal 235)
   defining Unicode char U+00EC (decimal 236)
   defining Unicode char U+00ED (decimal 237)
   defining Unicode char U+00EE (decimal 238)
   defining Unicode char U+00EF (decimal 239)
   defining Unicode char U+00F0 (decimal 240)
   defining Unicode char U+00F1 (decimal 241)
   defining Unicode char U+00F2 (decimal 242)
   defining Unicode char U+00F3 (decimal 243)
   defining Unicode char U+00F4 (decimal 244)
   defining Unicode char U+00F5 (decimal 245)
   defining Unicode char U+00F6 (decimal 246)
   defining Unicode char U+00F8 (decimal 248)
   defining Unicode char U+00F9 (decimal 249)
   defining Unicode char U+00FA (decimal 250)
   defining Unicode char U+00FB (decimal 251)
   defining Unicode char U+00FC (decimal 252)
   defining Unicode char U+00FD (decimal 253)
   defining Unicode char U+00FE (decimal 254)
   defining Unicode char U+00FF (decimal 255)
   defining Unicode char U+0102 (decimal 258)
   defining Unicode char U+0103 (decimal 259)
   defining Unicode char U+0104 (decimal 260)
   defining Unicode char U+0105 (decimal 261)
   defining Unicode char U+0106 (decimal 262)
   defining Unicode char U+0107 (decimal 263)
   defining Unicode char U+010C (decimal 268)
   defining Unicode char U+010D (decimal 269)
   defining Unicode char U+010E (decimal 270)
   defining Unicode char U+010F (decimal 271)
   defining Unicode char U+0110 (decimal 272)
   defining Unicode char U+0111 (decimal 273)
   defining Unicode char U+0118 (decimal 280)
   defining Unicode char U+0119 (decimal 281)
   defining Unicode char U+011A (decimal 282)
   defining Unicode char U+011B (decimal 283)
   defining Unicode char U+011E (decimal 286)
   defining Unicode char U+011F (decimal 287)
   defining Unicode char U+0130 (decimal 304)
   defining Unicode char U+0131 (decimal 305)
   defining Unicode char U+0132 (decimal 306)
   defining Unicode char U+0133 (decimal 307)
   defining Unicode char U+0139 (decimal 313)
   defining Unicode char U+013A (decimal 314)
   defining Unicode char U+013D (decimal 317)
   defining Unicode char U+013E (decimal 318)
   defining Unicode char U+0141 (decimal 321)
   defining Unicode char U+0142 (decimal 322)
   defining Unicode char U+0143 (decimal 323)
   defining Unicode char U+0144 (decimal 324)
   defining Unicode char U+0147 (decimal 327)
   defining Unicode char U+0148 (decimal 328)
   defining Unicode char U+014A (decimal 330)
   defining Unicode char U+014B (decimal 331)
   defining Unicode char U+0150 (decimal 336)
   defining Unicode char U+0151 (decimal 337)
   defining Unicode char U+0152 (decimal 338)
   defining Unicode char U+0153 (decimal 339)
   defining Unicode char U+0154 (decimal 340)
   defining Unicode char U+0155 (decimal 341)
   defining Unicode char U+0158 (decimal 344)
   defining Unicode char U+0159 (decimal 345)
   defining Unicode char U+015A (decimal 346)
   defining Unicode char U+015B (decimal 347)
   defining Unicode char U+015E (decimal 350)
   defining Unicode char U+015F (decimal 351)
   defining Unicode char U+0160 (decimal 352)
   defining Unicode char U+0161 (decimal 353)
   defining Unicode char U+0162 (decimal 354)
   defining Unicode char U+0163 (decimal 355)
   defining Unicode char U+0164 (decimal 356)
   defining Unicode char U+0165 (decimal 357)
   defining Unicode char U+016E (decimal 366)
   defining Unicode char U+016F (decimal 367)
   defining Unicode char U+0170 (decimal 368)
   defining Unicode char U+0171 (decimal 369)
   defining Unicode char U+0178 (decimal 376)
   defining Unicode char U+0179 (decimal 377)
   defining Unicode char U+017A (decimal 378)
   defining Unicode char U+017B (decimal 379)
   defining Unicode char U+017C (decimal 380)
   defining Unicode char U+017D (decimal 381)
   defining Unicode char U+017E (decimal 382)
   defining Unicode char U+200C (decimal 8204)
   defining Unicode char U+2013 (decimal 8211)
   defining Unicode char U+2014 (decimal 8212)
   defining Unicode char U+2018 (decimal 8216)
   defining Unicode char U+2019 (decimal 8217)
   defining Unicode char U+201A (decimal 8218)
   defining Unicode char U+201C (decimal 8220)
   defining Unicode char U+201D (decimal 8221)
   defining Unicode char U+201E (decimal 8222)
   defining Unicode char U+2030 (decimal 8240)
   defining Unicode char U+2031 (decimal 8241)
   defining Unicode char U+2039 (decimal 8249)
   defining Unicode char U+203A (decimal 8250)
   defining Unicode char U+2423 (decimal 9251)
)
Now handling font encoding OT1 ...
... processing UTF-8 mapping file for font encoding OT1

(/usr/share/texlive/texmf-dist/tex/latex/base/ot1enc.dfu
File: ot1enc.dfu 2008/04/05 v1.1m UTF-8 support for inputenc
   defining Unicode char U+00A1 (decimal 161)
   defining Unicode char U+00A3 (decimal 163)
   defining Unicode char U+00B8 (decimal 184)
   defining Unicode char U+00BF (decimal 191)
   defining Unicode char U+00C5 (decimal 197)
   defining Unicode char U+00C6 (decimal 198)
   defining Unicode char U+00D8 (decimal 216)
   defining Unicode char U+00DF (decimal 223)
   defining Unicode char U+00E6 (decimal 230)
   defining Unicode char U+00EC (decimal 236)
   defining Unicode char U+00ED (decimal 237)
   defining Unicode char U+00EE (decimal 238)
   defining Unicode char U+00EF (decimal 239)
   defining Unicode char U+00F8 (decimal 248)
   defining Unicode char U+0131 (decimal 305)
   defining Unicode char U+0141 (decimal 321)
   defining Unicode char U+0142 (decimal 322)
   defining Unicode char U+0152 (decimal 338)
   defining Unicode char U+0153 (decimal 339)
   defining Unicode char U+2013 (decimal 8211)
   defining Unicode char U+2014 (decimal 8212)
   defining Unicode char U+2018 (decimal 8216)
   defining Unicode char U+2019 (decimal 8217)
   defining Unicode char U+201C (decimal 8220)
   defining Unicode char U+201D (decimal 8221)
)
Now handling font encoding OMS ...
... processing UTF-8 mapping file for font encoding OMS

(/usr/share/texlive/texmf-dist/tex/latex/base/omsenc.dfu
File: omsenc.dfu 2008/04/05 v1.1m UTF-8 support for inputenc
   defining Unicode char U+00A7 (decimal 167)
   defining Unicode char U+00B6 (decimal 182)
   defining Unicode char U+00B7 (decimal 183)
   defining Unicode char U+2020 (decimal 8224)
   defining Unicode char U+2021 (decimal 8225)
   defining Unicode char U+2022 (decimal 8226)
)
Now handling font encoding OMX ...
... no UTF-8 mapping file for font encoding OMX
Now handling font encoding U ...
... no UTF-8 mapping file for font encoding U
Now handling font encoding TS1 ...
... processing UTF-8 mapping file for font encoding TS1

(/usr/share/texlive/texmf-dist/tex/latex/base/ts1enc.dfu
File: ts1enc.dfu 2008/04/05 v1.1m UTF-8 support for inputenc
   defining Unicode char U+00A2 (decimal 162)
   defining Unicode char U+00A3 (decimal 163)
   defining Unicode char U+00A4 (decimal 164)
   defining Unicode char U+00A5 (decimal 165)
   defining Unicode char U+00A6 (decimal 166)
   defining Unicode char U+00A7 (decimal 167)
   defining Unicode char U+00A8 (decimal 168)
   defining Unicode char U+00A9 (decimal 169)
   defining Unicode char U+00AA (decimal 170)
   defining Unicode char U+00AC (decimal 172)
   defining Unicode char U+00AE (decimal 174)
   defining Unicode char U+00AF (decimal 175)
   defining Unicode char U+00B0 (decimal 176)
   defining Unicode char U+00B1 (decimal 177)
   defining Unicode char U+00B2 (decimal 178)
   defining Unicode char U+00B3 (decimal 179)
   defining Unicode char U+00B4 (decimal 180)
   defining Unicode char U+00B5 (decimal 181)
   defining Unicode char U+00B6 (decimal 182)
   defining Unicode char U+00B7 (decimal 183)
   defining Unicode char U+00B9 (decimal 185)
   defining Unicode char U+00BA (decimal 186)
   defining Unicode char U+00BC (decimal 188)
   defining Unicode char U+00BD (decimal 189)
   defining Unicode char U+00BE (decimal 190)
   defining Unicode char U+00D7 (decimal 215)
   defining Unicode char U+00F7 (decimal 247)
   defining Unicode char U+0192 (decimal 402)
   defining Unicode char U+02C7 (decimal 711)
   defining Unicode char U+02D8 (decimal 728)
   defining Unicode char U+02DD (decimal 733)
   defining Unicode char U+0E3F (decimal 3647)
   defining Unicode char U+2016 (decimal 8214)
   defining Unicode char U+2020 (decimal 8224)
   defining Unicode char U+2021 (decimal 8225)
   defining Unicode char U+2022 (decimal 8226)
   defining Unicode char U+2030 (decimal 8240)
   defining Unicode char U+2031 (decimal 8241)
   defining Unicode char U+203B (decimal 8251)
   defining Unicode char U+203D (decimal 8253)
   defining Unicode char U+2044 (decimal 8260)
   defining Unicode char U+204E (decimal 8270)
   defining Unicode char U+2052 (decimal 8274)
   defining Unicode char U+20A1 (decimal 8353)
   defining Unicode char U+20A4 (decimal 8356)
   defining Unicode char U+20A6 (decimal 8358)
   defining Unicode char U+20A9 (decimal 8361)
   defining Unicode char U+20AB (decimal 8363)
   defining Unicode char U+20AC (decimal 8364)
   defining Unicode char U+20B1 (decimal 8369)
   defining Unicode char U+2103 (decimal 8451)
   defining Unicode char U+2116 (decimal 8470)
   defining Unicode char U+2117 (decimal 8471)
   defining Unicode char U+211E (decimal 8478)
   defining Unicode char U+2120 (decimal 8480)
   defining Unicode char U+2122 (decimal 8482)
   defining Unicode char U+2126 (decimal 8486)
   defining Unicode char U+2127 (decimal 8487)
   defining Unicode char U+212E (decimal 8494)
   defining Unicode char U+2190 (decimal 8592)
   defining Unicode char U+2191 (decimal 8593)
   defining Unicode char U+2192 (decimal 8594)
   defining Unicode char U+2193 (decimal 8595)
   defining Unicode char U+2329 (decimal 9001)
   defining Unicode char U+232A (decimal 9002)
   defining Unicode char U+2422 (decimal 9250)
   defining Unicode char U+25E6 (decimal 9702)
   defining Unicode char U+25EF (decimal 9711)
   defining Unicode char U+266A (decimal 9834)
)
   defining Unicode char U+00A9 (decimal 169)
   defining Unicode char U+00AA (decimal 170)
   defining Unicode char U+00AE (decimal 174)
   defining Unicode char U+00BA (decimal 186)
   defining Unicode char U+02C6 (decimal 710)
   defining Unicode char U+02DC (decimal 732)
   defining Unicode char U+200C (decimal 8204)
   defining Unicode char U+2026 (decimal 8230)
   defining Unicode char U+2122 (decimal 8482)
   defining Unicode char U+2423 (decimal 9251)
))
(/usr/share/texlive/texmf-dist/tex/generic/babel/babel.sty
Package: babel 2013/12/03 3.9h The Babel package

(/usr/share/texlive/texmf-dist/tex/generic/babel-italian/italian.ldf
Language: italian 2013/11/22 v1.3f Italian support from the babel system

(/usr/share/texlive/texmf-dist/tex/generic/babel/babel.def
File: babel.def 2013/12/03 3.9h Babel common definitions
\babel@savecnt=\count88
\U@D=\dimen103
)
\it@lettering=\count89
Package babel Info: Making " an active character on input line 98.
\Virgola=\count90
))
(/usr/share/texmf/tex/latex/etoolbox/etoolbox.sty
Package: etoolbox 2011/01/03 v2.1 e-TeX tools for LaTeX

(/usr/share/texlive/texmf-dist/tex/latex/etex-pkg/etex.sty
Package: etex 1998/03/26 v2.0 eTeX basic definition package (PEB)
\et@xins=\count91
)
\etb@tempcnta=\count92
)
(/usr/share/texlive/texmf-dist/tex/latex/geometry/geometry.sty
Package: geometry 2010/09/12 v5.6 Page Geometry

(/usr/share/texlive/texmf-dist/tex/generic/oberdiek/ifpdf.sty
Package: ifpdf 2011/01/30 v2.3 Provides the ifpdf switch (HO)
Package ifpdf Info: pdfTeX in PDF mode is detected.
)
(/usr/share/texlive/texmf-dist/tex/generic/oberdiek/ifvtex.sty
Package: ifvtex 2010/03/01 v1.5 Detect VTeX and its facilities (HO)
Package ifvtex Info: VTeX not detected.
)
\Gm@cnth=\count93
\Gm@cntv=\count94
\c@Gm@tempcnt=\count95
\Gm@bindingoffset=\dimen104
\Gm@wd@mp=\dimen105
\Gm@odd@mp=\dimen106
\Gm@even@mp=\dimen107
\Gm@layoutwidth=\dimen108
\Gm@layoutheight=\dimen109
\Gm@layouthoffset=\dimen110
\Gm@layoutvoffset=\dimen111
\Gm@dimlist=\toks18
)
(/usr/share/texlive/texmf-dist/tex/latex/amsfonts/amssymb.sty
Package: amssymb 2013/01/14 v3.01 AMS font symbols

(/usr/share/texlive/texmf-dist/tex/latex/amsfonts/amsfonts.sty
Package: amsfonts 2013/01/14 v3.01 Basic AMSFonts support
\@emptytoks=\toks19
\symAMSa=\mathgroup4
\symAMSb=\mathgroup5
LaTeX Font Info:    Overwriting math alphabet `\mathfrak' in version `bold'
(Font)                  U/euf/m/n --> U/euf/b/n on input line 106.
))
(/usr/share/texlive/texmf-dist/tex/latex/booktabs/booktabs.sty
Package: booktabs 2005/04/14 v1.61803 publication quality tables
\heavyrulewidth=\dimen112
\lightrulewidth=\dimen113
\cmidrulewidth=\dimen114
\belowrulesep=\dimen115
\belowbottomsep=\dimen116
\aboverulesep=\dimen117
\abovetopsep=\dimen118
\cmidrulesep=\dimen119
\cmidrulekern=\dimen120
\defaultaddspace=\dimen121
\@cmidla=\count96
\@cmidlb=\count97
\@aboverulesep=\dimen122
\@belowrulesep=\dimen123
\@thisruleclass=\count98
\@lastruleclass=\count99
\@thisrulewidth=\dimen124
)
(/usr/share/texlive/texmf-dist/tex/latex/tools/calc.sty
Package: calc 2007/08/22 v4.3 Infix arithmetic (KKT,FJ)
\calc@Acount=\count100
\calc@Bcount=\count101
\calc@Adimen=\dimen125
\calc@Bdimen=\dimen126
\calc@Askip=\skip43
\calc@Bskip=\skip44
LaTeX Info: Redefining \setlength on input line 76.
LaTeX Info: Redefining \addtolength on input line 77.
\calc@Ccount=\count102
\calc@Cskip=\skip45
)
(/usr/share/texlive/texmf-dist/tex/latex/caption/caption.sty
Package: caption 2013/05/02 v3.3-89 Customizing captions (AR)

(/usr/share/texlive/texmf-dist/tex/latex/caption/caption3.sty
Package: caption3 2013/05/02 v1.6-88 caption3 kernel (AR)
Package caption3 Info: TeX engine: e-TeX on input line 57.
\captionmargin=\dimen127
\captionmargin@=\dimen128
\captionwidth=\dimen129
\caption@tempdima=\dimen130
\caption@indent=\dimen131
\caption@parindent=\dimen132
\caption@hangindent=\dimen133
)
\c@ContinuedFloat=\count103
)
(/usr/share/texlive/texmf-dist/tex/latex/cite/chapterbib.sty
\c@inputfile=\count104
Package: chapterbib 2010/09/18  v 1.17
)
(/usr/share/texlive/texmf-dist/tex/latex/datatool/datatool.sty
Package: datatool 2014/02/03 v2.20 (NLCT)

(/usr/share/texlive/texmf-dist/tex/latex/base/ifthen.sty
Package: ifthen 2001/05/26 v1.1c Standard LaTeX ifthen package (DPC)
)
(/usr/share/texlive/texmf-dist/tex/latex/xfor/xfor.sty
Package: xfor 2009/02/05 v1.05 (NLCT)
)
(/usr/share/texlive/texmf-dist/tex/latex/substr/substr.sty
Package: substr 2009/10/20 v1.2 Handle substrings
\c@su@anzahl=\count105
)
(/usr/share/texlive/texmf-dist/tex/latex/datatool/datatool-base.sty
Package: datatool-base 2013/09/06 v2.18 (NLCT)

(/usr/share/texlive/texmf-dist/tex/latex/amsmath/amsmath.sty
Package: amsmath 2013/01/14 v2.14 AMS math features
\@mathmargin=\skip46

For additional information on amsmath, use the `?' option.
(/usr/share/texlive/texmf-dist/tex/latex/amsmath/amstext.sty
Package: amstext 2000/06/29 v2.01

(/usr/share/texlive/texmf-dist/tex/latex/amsmath/amsgen.sty
File: amsgen.sty 1999/11/30 v2.0
\@emptytoks=\toks20
\ex@=\dimen134
))
(/usr/share/texlive/texmf-dist/tex/latex/amsmath/amsbsy.sty
Package: amsbsy 1999/11/29 v1.2d
\pmbraise@=\dimen135
)
(/usr/share/texlive/texmf-dist/tex/latex/amsmath/amsopn.sty
Package: amsopn 1999/12/14 v2.01 operator names
)
\inf@bad=\count106
LaTeX Info: Redefining \frac on input line 210.
\uproot@=\count107
\leftroot@=\count108
LaTeX Info: Redefining \overline on input line 306.
\classnum@=\count109
\DOTSCASE@=\count110
LaTeX Info: Redefining \ldots on input line 378.
LaTeX Info: Redefining \dots on input line 381.
LaTeX Info: Redefining \cdots on input line 466.
\Mathstrutbox@=\box26
\strutbox@=\box27
\big@size=\dimen136
LaTeX Font Info:    Redeclaring font encoding OML on input line 566.
LaTeX Font Info:    Redeclaring font encoding OMS on input line 567.
\macc@depth=\count111
\c@MaxMatrixCols=\count112
\dotsspace@=\muskip10
\c@parentequation=\count113
\dspbrk@lvl=\count114
\tag@help=\toks21
\row@=\count115
\column@=\count116
\maxfields@=\count117
\andhelp@=\toks22
\eqnshift@=\dimen137
\alignsep@=\dimen138
\tagshift@=\dimen139
\tagwidth@=\dimen140
\totwidth@=\dimen141
\lineht@=\dimen142
\@envbody=\toks23
\multlinegap=\skip47
\multlinetaggap=\skip48
\mathdisplay@stack=\toks24
LaTeX Info: Redefining \[ on input line 2665.
LaTeX Info: Redefining \] on input line 2666.
)
(/usr/share/texlive/texmf-dist/tex/latex/datatool/datatool-fp.sty
Package: datatool-fp 2013/08/29 v2.17 (NLCT)

(/usr/share/texlive/texmf-dist/tex/latex/fp/fp.sty
Package: fp 1995/04/02

`Fixed Point Package', Version 0.8, April 2, 1995 (C) Michael Mehlich
(/usr/share/texlive/texmf-dist/tex/latex/fp/defpattern.sty
Package: defpattern 1994/10/12
\actioncount=\count118
)
(/usr/share/texlive/texmf-dist/tex/latex/fp/fp-basic.sty
Package: fp-basic 1996/05/13
\FP@xs=\count119
\FP@xia=\count120
\FP@xib=\count121
\FP@xfa=\count122
\FP@xfb=\count123
\FP@rega=\count124
\FP@regb=\count125
\FP@regs=\count126
\FP@times=\count127
)
(/usr/share/texlive/texmf-dist/tex/latex/fp/fp-addons.sty
Package: fp-addons 1995/03/15
)
(/usr/share/texlive/texmf-dist/tex/latex/fp/fp-snap.sty
Package: fp-snap 1995/04/05
)
(/usr/share/texlive/texmf-dist/tex/latex/fp/fp-exp.sty
Package: fp-exp 1995/04/03
)
(/usr/share/texlive/texmf-dist/tex/latex/fp/fp-trigo.sty
Package: fp-trigo 1995/04/14
)
(/usr/share/texlive/texmf-dist/tex/latex/fp/fp-pas.sty
Package: fp-pas 1994/08/29
)
(/usr/share/texlive/texmf-dist/tex/latex/fp/fp-random.sty
Package: fp-random 1995/02/23
\FPseed=\count128
)
(/usr/share/texlive/texmf-dist/tex/latex/fp/fp-eqn.sty
Package: fp-eqn 1995/04/03
)
(/usr/share/texlive/texmf-dist/tex/latex/fp/fp-upn.sty
Package: fp-upn 1996/10/21
)
(/usr/share/texlive/texmf-dist/tex/latex/fp/fp-eval.sty
Package: fp-eval 1995/04/03
)))
\@dtl@toks=\toks25
\@dtl@tmpcount=\count129
\dtl@tmplength=\skip49
\dtl@sortresult=\count130
\@dtl@numgrpsepcount=\count131
\@dtl@datatype=\count132
\dtl@codeA=\count133
\dtl@codeB=\count134
\@dtl@foreach@level=\count135
)
\dtlcolumnnum=\count136
\dtlrownum=\count137
\@dtl@before=\toks26
\@dtl@after=\toks27
\@dtl@colhead=\toks28
\dtlcurrentrow=\toks29
\dtlbeforerow=\toks30
\dtlafterrow=\toks31
\dtlforeachlevel=\count138
\c@DTLrowi=\count139
\c@DTLrowii=\count140
\c@DTLrowiii=\count141
\c@DTLrow=\count142
\dtl@rowi=\count143
\dtl@rowii=\count144
\dtl@rowiii=\count145
\@dtl@curi=\toks32
\@dtl@previ=\toks33
\@dtl@nexti=\toks34
\@dtl@curii=\toks35
\@dtl@previi=\toks36
\@dtl@nextii=\toks37
\@dtl@curiii=\toks38
\@dtl@previii=\toks39
\@dtl@nextiii=\toks40
\@dtl@elements=\count146
\@dtl@list=\toks41
\@dtl@rowa=\toks42
\@dtl@rowb=\toks43
\@dtl@toksA=\toks44
\@dtl@toksB=\toks45
\@dtl@write=\write3
\@dtl@read=\read1
\dtl@entrycr=\count147
\dtl@omitlines=\count148
)
(/usr/share/texlive/texmf-dist/tex/latex/tools/dcolumn.sty
Package: dcolumn 2001/05/28 v1.06 decimal alignment package (DPC)

(/usr/share/texlive/texmf-dist/tex/latex/tools/array.sty
Package: array 2008/09/09 v2.4c Tabular extension package (FMi)
\col@sep=\dimen143
\extrarowheight=\dimen144
\NC@list=\toks46
\extratabsurround=\skip50
\backup@length=\skip51
))
(/usr/share/texlive/texmf-dist/tex/latex/oberdiek/epstopdf.sty
Package: epstopdf 2010/02/09 v2.5 Conversion with epstopdf on the fly (HO)

(/usr/share/texlive/texmf-dist/tex/latex/oberdiek/epstopdf-base.sty
Package: epstopdf-base 2010/02/09 v2.5 Base part for package epstopdf

(/usr/share/texlive/texmf-dist/tex/generic/oberdiek/infwarerr.sty
Package: infwarerr 2010/04/08 v1.3 Providing info/warning/error messages (HO)
)
(/usr/share/texlive/texmf-dist/tex/latex/oberdiek/grfext.sty
Package: grfext 2010/08/19 v1.1 Manage graphics extensions (HO)

(/usr/share/texlive/texmf-dist/tex/generic/oberdiek/kvdefinekeys.sty
Package: kvdefinekeys 2011/04/07 v1.3 Define keys (HO)

(/usr/share/texlive/texmf-dist/tex/generic/oberdiek/ltxcmds.sty
Package: ltxcmds 2011/11/09 v1.22 LaTeX kernel commands for general use (HO)
)))
(/usr/share/texlive/texmf-dist/tex/latex/oberdiek/kvoptions.sty
Package: kvoptions 2011/06/30 v3.11 Key value format for package options (HO)

(/usr/share/texlive/texmf-dist/tex/generic/oberdiek/kvsetkeys.sty
Package: kvsetkeys 2012/04/25 v1.16 Key value parser (HO)

(/usr/share/texlive/texmf-dist/tex/generic/oberdiek/etexcmds.sty
Package: etexcmds 2011/02/16 v1.5 Avoid name clashes with e-TeX commands (HO)
Package etexcmds Info: Could not find \expanded.
(etexcmds)             That can mean that you are not using pdfTeX 1.50 or
(etexcmds)             that some package has redefined \expanded.
(etexcmds)             In the latter case, load this package earlier.
)))
(/usr/share/texlive/texmf-dist/tex/generic/oberdiek/pdftexcmds.sty
Package: pdftexcmds 2011/11/29 v0.20 Utility functions of pdfTeX for LuaTeX (HO
)
Package pdftexcmds Info: LuaTeX not detected.
Package pdftexcmds Info: \pdf@primitive is available.
Package pdftexcmds Info: \pdf@ifprimitive is available.
Package pdftexcmds Info: \pdfdraftmode found.
)

Package epstopdf Warning: No graphics package `graphic{s,x}' loaded.

)) (/usr/share/texlive/texmf-dist/tex/latex/enumitem/enumitem.sty
Package: enumitem 2011/09/28 v3.5.2 Customized lists
\enitkv@toks@=\toks47
\labelindent=\skip52
\enit@outerparindent=\dimen145
\enit@toks=\toks48
\enit@inbox=\box28
\enitdp@description=\count149
)
(/usr/share/texlive/texmf-dist/tex/latex/eurosym/eurosym.sty
Package: eurosym 1998/08/06 v1.1 European currency symbol ``Euro''
\@eurobox=\box29
)
(/usr/share/texlive/texmf-dist/tex/latex/fancyhdr/fancyhdr.sty
\fancy@headwidth=\skip53
\f@ncyO@elh=\skip54
\f@ncyO@erh=\skip55
\f@ncyO@olh=\skip56
\f@ncyO@orh=\skip57
\f@ncyO@elf=\skip58
\f@ncyO@erf=\skip59
\f@ncyO@olf=\skip60
\f@ncyO@orf=\skip61
)
(/usr/share/texlive/texmf-dist/tex/latex/float/float.sty
Package: float 2001/11/08 v1.3d Float enhancements (AL)
\c@float@type=\count150
\float@exts=\toks49
\float@box=\box30
\@float@everytoks=\toks50
\@floatcapt=\box31
)
(/usr/share/texlive/texmf-dist/tex/latex/footmisc/footmisc.sty
Package: footmisc 2011/06/06 v5.5b a miscellany of footnote facilities
\FN@temptoken=\toks51
\footnotemargin=\dimen146


LaTeX Warning: Command \@makecol  has changed.
               Check if current package is valid.

\c@pp@next@reset=\count151
Package footmisc Info: Declaring symbol style bringhurst on input line 855.
Package footmisc Info: Declaring symbol style chicago on input line 863.
Package footmisc Info: Declaring symbol style wiley on input line 872.
Package footmisc Info: Declaring symbol style lamport-robust on input line 883.

Package footmisc Info: Declaring symbol style lamport* on input line 903.
Package footmisc Info: Declaring symbol style lamport*-robust on input line 924
.
) (/usr/share/texlive/texmf-dist/tex/latex/glossaries/base/glossaries.sty
Package: glossaries 2014/01/20 v4.03 (NLCT)

(/usr/share/texlive/texmf-dist/tex/latex/glossaries/base/mfirstuc.sty
Package: mfirstuc 2013/11/04 v1.08 (NLCT)
\@glsmfirst=\toks52
\@glsmrest=\toks53
)
(/usr/share/texlive/texmf-dist/tex/latex/textcase/textcase.sty
Package: textcase 2004/10/07 v0.07 Text only upper/lower case changing (DPC)
)
(/usr/share/texlive/texmf-dist/tex/latex/glossaries/base/glossaries-compatible-
307.sty
Package: glossaries-compatible-307 2013/11/14 v4.0 (NLCT)
) (/usr/share/texmf/tex/latex/beamer/base/translator/translator.sty
Package: translator 2010/06/12 ver 1.10

(/usr/share/texmf/tex/latex/beamer/base/translator/translator-language-mappings
.tex))
\gls@level=\count152
\@gls@tmpb=\toks54
\gls@tmplen=\skip62
\glswrite=\write4
\glskeylisttok=\toks55
\glslabeltok=\toks56
\glsshorttok=\toks57
\glslongtok=\toks58

(/usr/share/texlive/texmf-dist/tex/latex/glossaries/styles/glossary-hypernav.st
y
Package: glossary-hypernav 2013/11/14 v4.0 (NLCT)
) (/usr/share/texlive/texmf-dist/tex/latex/glossaries/styles/glossary-list.sty
Package: glossary-list 2013/11/14 v4.0 (NLCT)
\glslistdottedwidth=\skip63
) (/usr/share/texlive/texmf-dist/tex/latex/glossaries/styles/glossary-long.sty
Package: glossary-long 2013/11/14 v4.0 (NLCT)

(/usr/share/texlive/texmf-dist/tex/latex/tools/longtable.sty
Package: longtable 2004/02/01 v4.11 Multi-page Table package (DPC)
\LTleft=\skip64
\LTright=\skip65
\LTpre=\skip66
\LTpost=\skip67
\LTchunksize=\count153
\LTcapwidth=\dimen147
\LT@head=\box32
\LT@firsthead=\box33
\LT@foot=\box34
\LT@lastfoot=\box35
\LT@cols=\count154
\LT@rows=\count155
\c@LT@tables=\count156
\c@LT@chunks=\count157
\LT@p@ftn=\toks59
)
\glsdescwidth=\skip68
\glspagelistwidth=\skip69
)
(/usr/share/texlive/texmf-dist/tex/latex/glossaries/styles/glossary-super.sty
Package: glossary-super 2013/11/14 v4.0 (NLCT)

(/usr/share/texlive/texmf-dist/tex/latex/supertabular/supertabular.sty
Package: supertabular 2004/02/20 v4.1e the supertabular environment
\c@tracingst=\count158
\ST@wd=\dimen148
\ST@rightskip=\skip70
\ST@leftskip=\skip71
\ST@parfillskip=\skip72
\ST@pageleft=\dimen149
\ST@headht=\dimen150
\ST@tailht=\dimen151
\ST@pagesofar=\dimen152
\ST@pboxht=\dimen153
\ST@lineht=\dimen154
\ST@stretchht=\dimen155
\ST@prevht=\dimen156
\ST@toadd=\dimen157
\ST@dimen=\dimen158
\ST@pbox=\box36
))
(/usr/share/texlive/texmf-dist/tex/latex/glossaries/styles/glossary-tree.sty
Package: glossary-tree 2013/11/14 v4.0 (NLCT)
\glstreeindent=\skip73
))
(/usr/share/texlive/texmf-dist/tex/latex/graphics/graphicx.sty
Package: graphicx 1999/02/16 v1.0f Enhanced LaTeX Graphics (DPC,SPQR)

(/usr/share/texlive/texmf-dist/tex/latex/graphics/graphics.sty
Package: graphics 2009/02/05 v1.0o Standard LaTeX Graphics (DPC,SPQR)

(/usr/share/texlive/texmf-dist/tex/latex/graphics/trig.sty
Package: trig 1999/03/16 v1.09 sin cos tan (DPC)
)
(/usr/share/texlive/texmf-dist/tex/latex/latexconfig/graphics.cfg
File: graphics.cfg 2010/04/23 v1.9 graphics configuration of TeX Live
)
Package graphics Info: Driver file: pdftex.def on input line 91.

(/usr/share/texlive/texmf-dist/tex/latex/pdftex-def/pdftex.def
File: pdftex.def 2011/05/27 v0.06d Graphics/color for pdfTeX
\Gread@gobject=\count159
))
\Gin@req@height=\dimen159
\Gin@req@width=\dimen160
)
(/usr/share/texlive/texmf-dist/tex/latex/subfigure/subfigure.sty
Package: subfigure 2002/03/15 v2.1.5 subfigure package
\subfigtopskip=\skip74
\subfigcapskip=\skip75
\subfigcaptopadj=\dimen161
\subfigbottomskip=\skip76
\subfigcapmargin=\dimen162
\subfiglabelskip=\skip77
\c@subfigure=\count160
\c@lofdepth=\count161
\c@subtable=\count162
\c@lotdepth=\count163

****************************************
* Local config file subfigure.cfg used *
****************************************
(/usr/share/texlive/texmf-dist/tex/latex/subfigure/subfigure.cfg)
\subfig@top=\skip78
\subfig@bottom=\skip79
)
(/usr/share/texlive/texmf-dist/tex/latex/oberdiek/grffile.sty
Package: grffile 2012/04/05 v1.16 Extended file name support for graphics (HO)
Package grffile Info: Option `multidot' is set to `true'.
Package grffile Info: Option `extendedchars' is set to `false'.
Package grffile Info: Option `space' is set to `true'.
Package grffile Info: \Gin@ii of package `graphicx' fixed on input line 486.
)
(/usr/share/texlive/texmf-dist/tex/latex/hyperref/hyperref.sty
Package: hyperref 2012/11/06 v6.83m Hypertext links for LaTeX

(/usr/share/texlive/texmf-dist/tex/generic/oberdiek/hobsub-hyperref.sty
Package: hobsub-hyperref 2012/05/28 v1.13 Bundle oberdiek, subset hyperref (HO)


(/usr/share/texlive/texmf-dist/tex/generic/oberdiek/hobsub-generic.sty
Package: hobsub-generic 2012/05/28 v1.13 Bundle oberdiek, subset generic (HO)
Package: hobsub 2012/05/28 v1.13 Construct package bundles (HO)
Package hobsub Info: Skipping package `infwarerr' (already loaded).
Package hobsub Info: Skipping package `ltxcmds' (already loaded).
Package hobsub Info: Skipping package `ifluatex' (already loaded).
Package hobsub Info: Skipping package `ifvtex' (already loaded).
Package: intcalc 2007/09/27 v1.1 Expandable calculations with integers (HO)
Package hobsub Info: Skipping package `ifpdf' (already loaded).
Package hobsub Info: Skipping package `etexcmds' (already loaded).
Package hobsub Info: Skipping package `kvsetkeys' (already loaded).
Package hobsub Info: Skipping package `kvdefinekeys' (already loaded).
Package hobsub Info: Skipping package `pdftexcmds' (already loaded).
Package: pdfescape 2011/11/25 v1.13 Implements pdfTeX's escape features (HO)
Package: bigintcalc 2012/04/08 v1.3 Expandable calculations on big integers (HO
)
Package: bitset 2011/01/30 v1.1 Handle bit-vector datatype (HO)
Package: uniquecounter 2011/01/30 v1.2 Provide unlimited unique counter (HO)
)
Package hobsub Info: Skipping package `hobsub' (already loaded).
Package: letltxmacro 2010/09/02 v1.4 Let assignment for LaTeX macros (HO)
Package: hopatch 2012/05/28 v1.2 Wrapper for package hooks (HO)
Package: xcolor-patch 2011/01/30 xcolor patch
Package: atveryend 2011/06/30 v1.8 Hooks at the very end of document (HO)
Package: atbegshi 2011/10/05 v1.16 At begin shipout hook (HO)
Package: refcount 2011/10/16 v3.4 Data extraction from label references (HO)
Package: hycolor 2011/01/30 v1.7 Color options for hyperref/bookmark (HO)
)
(/usr/share/texlive/texmf-dist/tex/latex/oberdiek/auxhook.sty
Package: auxhook 2011/03/04 v1.3 Hooks for auxiliary files (HO)
)
\@linkdim=\dimen163
\Hy@linkcounter=\count164
\Hy@pagecounter=\count165

(/usr/share/texlive/texmf-dist/tex/latex/hyperref/pd1enc.def
File: pd1enc.def 2012/11/06 v6.83m Hyperref: PDFDocEncoding definition (HO)
Now handling font encoding PD1 ...
... no UTF-8 mapping file for font encoding PD1
)
\Hy@SavedSpaceFactor=\count166

(/usr/share/texlive/texmf-dist/tex/latex/latexconfig/hyperref.cfg
File: hyperref.cfg 2002/06/06 v1.2 hyperref configuration of TeXLive
)
Package hyperref Info: Option `colorlinks' set `true' on input line 4319.
Package hyperref Info: Option `hyperindex' set `true' on input line 4319.
Package hyperref Info: Option `breaklinks' set `true' on input line 4319.
Package hyperref Info: Hyper figures OFF on input line 4443.
Package hyperref Info: Link nesting OFF on input line 4448.
Package hyperref Info: Hyper index ON on input line 4451.
Package hyperref Info: Plain pages OFF on input line 4458.
Package hyperref Info: Backreferencing OFF on input line 4463.
Package hyperref Info: Implicit mode ON; LaTeX internals redefined.
Package hyperref Info: Bookmarks ON on input line 4688.
\c@Hy@tempcnt=\count167

(/usr/share/texlive/texmf-dist/tex/latex/url/url.sty
\Urlmuskip=\muskip11
Package: url 2013/09/16  ver 3.4  Verb mode for urls, etc.
)
LaTeX Info: Redefining \url on input line 5041.
\XeTeXLinkMargin=\dimen164
\Fld@menulength=\count168
\Field@Width=\dimen165
\Fld@charsize=\dimen166
Package hyperref Info: Hyper figures OFF on input line 6295.
Package hyperref Info: Link nesting OFF on input line 6300.
Package hyperref Info: Hyper index ON on input line 6303.
Package hyperref Info: backreferencing OFF on input line 6310.
Package hyperref Info: Link coloring ON on input line 6313.
Package hyperref Info: Link coloring with OCG OFF on input line 6320.
Package hyperref Info: PDF/A mode OFF on input line 6325.
LaTeX Info: Redefining \ref on input line 6365.
LaTeX Info: Redefining \pageref on input line 6369.
\Hy@abspage=\count169
\c@Item=\count170
\c@Hfootnote=\count171
)

Package hyperref Message: Driver (autodetected): hpdftex.

(/usr/share/texlive/texmf-dist/tex/latex/hyperref/hpdftex.def
File: hpdftex.def 2012/11/06 v6.83m Hyperref driver for pdfTeX
\Fld@listcount=\count172
\c@bookmark@seq@number=\count173

(/usr/share/texlive/texmf-dist/tex/latex/oberdiek/rerunfilecheck.sty
Package: rerunfilecheck 2011/04/15 v1.7 Rerun checks for auxiliary files (HO)
Package uniquecounter Info: New unique counter `rerunfilecheck' on input line 2
82.
)
\Hy@SectionHShift=\skip80
)
(/usr/share/texmf/tex/latex/pgf/basiclayer/pgf.sty
(/usr/share/texmf/tex/latex/pgf/utilities/pgfrcs.sty
(/usr/share/texmf/tex/generic/pgf/utilities/pgfutil-common.tex
\pgfutil@everybye=\toks60
)
(/usr/share/texmf/tex/generic/pgf/utilities/pgfutil-latex.def
\pgfutil@abb=\box37

(/usr/share/texlive/texmf-dist/tex/latex/ms/everyshi.sty
Package: everyshi 2001/05/15 v3.00 EveryShipout Package (MS)
))
(/usr/share/texmf/tex/generic/pgf/utilities/pgfrcs.code.tex
Package: pgfrcs 2010/10/25 v2.10 (rcs-revision 1.24)
))
Package: pgf 2008/01/15 v2.10 (rcs-revision 1.12)

(/usr/share/texmf/tex/latex/pgf/basiclayer/pgfcore.sty
(/usr/share/texmf/tex/latex/pgf/systemlayer/pgfsys.sty
(/usr/share/texmf/tex/generic/pgf/systemlayer/pgfsys.code.tex
Package: pgfsys 2010/06/30 v2.10 (rcs-revision 1.37)

(/usr/share/texmf/tex/generic/pgf/utilities/pgfkeys.code.tex
\pgfkeys@pathtoks=\toks61
\pgfkeys@temptoks=\toks62

(/usr/share/texmf/tex/generic/pgf/utilities/pgfkeysfiltered.code.tex
\pgfkeys@tmptoks=\toks63
))
\pgf@x=\dimen167
\pgf@y=\dimen168
\pgf@xa=\dimen169
\pgf@ya=\dimen170
\pgf@xb=\dimen171
\pgf@yb=\dimen172
\pgf@xc=\dimen173
\pgf@yc=\dimen174
\w@pgf@writea=\write5
\r@pgf@reada=\read2
\c@pgf@counta=\count174
\c@pgf@countb=\count175
\c@pgf@countc=\count176
\c@pgf@countd=\count177

(/usr/share/texmf/tex/generic/pgf/systemlayer/pgf.cfg
File: pgf.cfg 2008/05/14  (rcs-revision 1.7)
)
Package pgfsys Info: Driver file for pgf: pgfsys-pdftex.def on input line 900.

(/usr/share/texmf/tex/generic/pgf/systemlayer/pgfsys-pdftex.def
File: pgfsys-pdftex.def 2009/05/22  (rcs-revision 1.26)

(/usr/share/texmf/tex/generic/pgf/systemlayer/pgfsys-common-pdf.def
File: pgfsys-common-pdf.def 2008/05/19  (rcs-revision 1.10)
)))
(/usr/share/texmf/tex/generic/pgf/systemlayer/pgfsyssoftpath.code.tex
File: pgfsyssoftpath.code.tex 2008/07/18  (rcs-revision 1.7)
\pgfsyssoftpath@smallbuffer@items=\count178
\pgfsyssoftpath@bigbuffer@items=\count179
)
(/usr/share/texmf/tex/generic/pgf/systemlayer/pgfsysprotocol.code.tex
File: pgfsysprotocol.code.tex 2006/10/16  (rcs-revision 1.4)
))
(/usr/share/texmf/tex/latex/xcolor/xcolor.sty
Package: xcolor 2007/01/21 v2.11 LaTeX color extensions (UK)

(/usr/share/texlive/texmf-dist/tex/latex/latexconfig/color.cfg
File: color.cfg 2007/01/18 v1.5 color configuration of teTeX/TeXLive
)
Package xcolor Info: Driver file: pdftex.def on input line 225.
Package xcolor Info: Model `cmy' substituted by `cmy0' on input line 1337.
Package xcolor Info: Model `hsb' substituted by `rgb' on input line 1341.
Package xcolor Info: Model `RGB' extended on input line 1353.
Package xcolor Info: Model `HTML' substituted by `rgb' on input line 1355.
Package xcolor Info: Model `Hsb' substituted by `hsb' on input line 1356.
Package xcolor Info: Model `tHsb' substituted by `hsb' on input line 1357.
Package xcolor Info: Model `HSB' substituted by `hsb' on input line 1358.
Package xcolor Info: Model `Gray' substituted by `gray' on input line 1359.
Package xcolor Info: Model `wave' substituted by `hsb' on input line 1360.
)
(/usr/share/texmf/tex/generic/pgf/basiclayer/pgfcore.code.tex
Package: pgfcore 2010/04/11 v2.10 (rcs-revision 1.7)

(/usr/share/texmf/tex/generic/pgf/math/pgfmath.code.tex
(/usr/share/texmf/tex/generic/pgf/math/pgfmathcalc.code.tex
(/usr/share/texmf/tex/generic/pgf/math/pgfmathutil.code.tex)
(/usr/share/texmf/tex/generic/pgf/math/pgfmathparser.code.tex
\pgfmath@dimen=\dimen175
\pgfmath@count=\count180
\pgfmath@box=\box38
\pgfmath@toks=\toks64
\pgfmath@stack@operand=\toks65
\pgfmath@stack@operation=\toks66
)
(/usr/share/texmf/tex/generic/pgf/math/pgfmathfunctions.code.tex
(/usr/share/texmf/tex/generic/pgf/math/pgfmathfunctions.basic.code.tex)
(/usr/share/texmf/tex/generic/pgf/math/pgfmathfunctions.trigonometric.code.tex)
(/usr/share/texmf/tex/generic/pgf/math/pgfmathfunctions.random.code.tex)
(/usr/share/texmf/tex/generic/pgf/math/pgfmathfunctions.comparison.code.tex)
(/usr/share/texmf/tex/generic/pgf/math/pgfmathfunctions.base.code.tex)
(/usr/share/texmf/tex/generic/pgf/math/pgfmathfunctions.round.code.tex)
(/usr/share/texmf/tex/generic/pgf/math/pgfmathfunctions.misc.code.tex)))
(/usr/share/texmf/tex/generic/pgf/math/pgfmathfloat.code.tex
\c@pgfmathroundto@lastzeros=\count181
))
(/usr/share/texmf/tex/generic/pgf/basiclayer/pgfcorepoints.code.tex
File: pgfcorepoints.code.tex 2010/04/09  (rcs-revision 1.20)
\pgf@picminx=\dimen176
\pgf@picmaxx=\dimen177
\pgf@picminy=\dimen178
\pgf@picmaxy=\dimen179
\pgf@pathminx=\dimen180
\pgf@pathmaxx=\dimen181
\pgf@pathminy=\dimen182
\pgf@pathmaxy=\dimen183
\pgf@xx=\dimen184
\pgf@xy=\dimen185
\pgf@yx=\dimen186
\pgf@yy=\dimen187
\pgf@zx=\dimen188
\pgf@zy=\dimen189
)
(/usr/share/texmf/tex/generic/pgf/basiclayer/pgfcorepathconstruct.code.tex
File: pgfcorepathconstruct.code.tex 2010/08/03  (rcs-revision 1.24)
\pgf@path@lastx=\dimen190
\pgf@path@lasty=\dimen191
)
(/usr/share/texmf/tex/generic/pgf/basiclayer/pgfcorepathusage.code.tex
File: pgfcorepathusage.code.tex 2008/04/22  (rcs-revision 1.12)
\pgf@shorten@end@additional=\dimen192
\pgf@shorten@start@additional=\dimen193
)
(/usr/share/texmf/tex/generic/pgf/basiclayer/pgfcorescopes.code.tex
File: pgfcorescopes.code.tex 2010/09/08  (rcs-revision 1.34)
\pgfpic=\box39
\pgf@hbox=\box40
\pgf@layerbox@main=\box41
\pgf@picture@serial@count=\count182
)
(/usr/share/texmf/tex/generic/pgf/basiclayer/pgfcoregraphicstate.code.tex
File: pgfcoregraphicstate.code.tex 2008/04/22  (rcs-revision 1.9)
\pgflinewidth=\dimen194
)
(/usr/share/texmf/tex/generic/pgf/basiclayer/pgfcoretransformations.code.tex
File: pgfcoretransformations.code.tex 2009/06/10  (rcs-revision 1.11)
\pgf@pt@x=\dimen195
\pgf@pt@y=\dimen196
\pgf@pt@temp=\dimen197
)
(/usr/share/texmf/tex/generic/pgf/basiclayer/pgfcorequick.code.tex
File: pgfcorequick.code.tex 2008/10/09  (rcs-revision 1.3)
)
(/usr/share/texmf/tex/generic/pgf/basiclayer/pgfcoreobjects.code.tex
File: pgfcoreobjects.code.tex 2006/10/11  (rcs-revision 1.2)
)
(/usr/share/texmf/tex/generic/pgf/basiclayer/pgfcorepathprocessing.code.tex
File: pgfcorepathprocessing.code.tex 2008/10/09  (rcs-revision 1.8)
)
(/usr/share/texmf/tex/generic/pgf/basiclayer/pgfcorearrows.code.tex
File: pgfcorearrows.code.tex 2008/04/23  (rcs-revision 1.11)
)
(/usr/share/texmf/tex/generic/pgf/basiclayer/pgfcoreshade.code.tex
File: pgfcoreshade.code.tex 2008/11/23  (rcs-revision 1.13)
\pgf@max=\dimen198
\pgf@sys@shading@range@num=\count183
)
(/usr/share/texmf/tex/generic/pgf/basiclayer/pgfcoreimage.code.tex
File: pgfcoreimage.code.tex 2010/03/25  (rcs-revision 1.16)

(/usr/share/texmf/tex/generic/pgf/basiclayer/pgfcoreexternal.code.tex
File: pgfcoreexternal.code.tex 2010/09/01  (rcs-revision 1.17)
\pgfexternal@startupbox=\box42
))
(/usr/share/texmf/tex/generic/pgf/basiclayer/pgfcorelayers.code.tex
File: pgfcorelayers.code.tex 2010/08/27  (rcs-revision 1.2)
)
(/usr/share/texmf/tex/generic/pgf/basiclayer/pgfcoretransparency.code.tex
File: pgfcoretransparency.code.tex 2008/01/17  (rcs-revision 1.2)
)
(/usr/share/texmf/tex/generic/pgf/basiclayer/pgfcorepatterns.code.tex
File: pgfcorepatterns.code.tex 2009/07/02  (rcs-revision 1.3)
)))
(/usr/share/texmf/tex/generic/pgf/modules/pgfmoduleshapes.code.tex
File: pgfmoduleshapes.code.tex 2010/09/09  (rcs-revision 1.13)
\pgfnodeparttextbox=\box43
)
(/usr/share/texmf/tex/generic/pgf/modules/pgfmoduleplot.code.tex
File: pgfmoduleplot.code.tex 2010/10/22  (rcs-revision 1.8)
)
(/usr/share/texmf/tex/latex/pgf/compatibility/pgfcomp-version-0-65.sty
Package: pgfcomp-version-0-65 2007/07/03 v2.10 (rcs-revision 1.7)
\pgf@nodesepstart=\dimen199
\pgf@nodesepend=\dimen200
)
(/usr/share/texmf/tex/latex/pgf/compatibility/pgfcomp-version-1-18.sty
Package: pgfcomp-version-1-18 2007/07/23 v2.10 (rcs-revision 1.1)
))
(/usr/share/texlive/texmf-dist/tex/latex/pgfplots/pgfplots.sty
(/usr/share/texlive/texmf-dist/tex/generic/pgfplots/pgfplots.revision.tex)
Package: pgfplots 2013/10/03 v1.9 Data Visualization (1.9)

(/usr/share/texmf/tex/latex/pgf/frontendlayer/tikz.sty
(/usr/share/texmf/tex/latex/pgf/utilities/pgffor.sty
(/usr/share/texmf/tex/latex/pgf/utilities/pgfkeys.sty
(/usr/share/texmf/tex/generic/pgf/utilities/pgfkeys.code.tex))
(/usr/share/texmf/tex/generic/pgf/utilities/pgffor.code.tex
Package: pgffor 2010/03/23 v2.10 (rcs-revision 1.18)
\pgffor@iter=\dimen201
\pgffor@skip=\dimen202
\pgffor@stack=\toks67
\pgffor@toks=\toks68
))
(/usr/share/texmf/tex/generic/pgf/frontendlayer/tikz/tikz.code.tex
Package: tikz 2010/10/13 v2.10 (rcs-revision 1.76)

(/usr/share/texmf/tex/generic/pgf/libraries/pgflibraryplothandlers.code.tex
File: pgflibraryplothandlers.code.tex 2010/05/31 v2.10 (rcs-revision 1.15)
\pgf@plot@mark@count=\count184
\pgfplotmarksize=\dimen203
)
\tikz@lastx=\dimen204
\tikz@lasty=\dimen205
\tikz@lastxsaved=\dimen206
\tikz@lastysaved=\dimen207
\tikzleveldistance=\dimen208
\tikzsiblingdistance=\dimen209
\tikz@figbox=\box44
\tikz@tempbox=\box45
\tikztreelevel=\count185
\tikznumberofchildren=\count186
\tikznumberofcurrentchild=\count187
\tikz@fig@count=\count188

(/usr/share/texmf/tex/generic/pgf/modules/pgfmodulematrix.code.tex
File: pgfmodulematrix.code.tex 2010/08/24  (rcs-revision 1.4)
\pgfmatrixcurrentrow=\count189
\pgfmatrixcurrentcolumn=\count190
\pgf@matrix@numberofcolumns=\count191
)
\tikz@expandcount=\count192

(/usr/share/texmf/tex/generic/pgf/frontendlayer/tikz/libraries/tikzlibrarytopat
hs.code.tex
File: tikzlibrarytopaths.code.tex 2008/06/17 v2.10 (rcs-revision 1.2)
)))
(/usr/share/texlive/texmf-dist/tex/generic/pgfplots/pgfplots.code.tex
(/usr/share/texlive/texmf-dist/tex/generic/pgfplots/pgfplotscore.code.tex
\t@pgfplots@toka=\toks69
\t@pgfplots@tokb=\toks70
\t@pgfplots@tokc=\toks71
\pgfplots@tmpa=\dimen210
\c@pgfplots@coordindex=\count193
\c@pgfplots@scanlineindex=\count194

(/usr/share/texlive/texmf-dist/tex/generic/pgfplots/sys/pgfplotssysgeneric.code
.tex))
(/usr/share/texlive/texmf-dist/tex/generic/pgfplots/libs/pgfplotslibrary.code.t
ex)
(/usr/share/texlive/texmf-dist/tex/generic/pgfplots/oldpgfcompatib/pgfplotsoldp
gfsupp_loader.code.tex
Package pgfplots: loading complementary code for your PGF version...

(/usr/share/texlive/texmf-dist/tex/generic/pgfplots/oldpgfcompatib/pgfplotsoldp
gfsupp_misc.code.tex)
(/usr/share/texlive/texmf-dist/tex/generic/pgfplots/oldpgfcompatib/pgfplotsoldp
gfsupp_pgfkeys.code.tex
\pgfkeys@pathtoks=\toks72
\pgfkeys@temptoks=\toks73

(/usr/share/texlive/texmf-dist/tex/generic/pgfplots/oldpgfcompatib/pgfplotsoldp
gfsupp_pgfkeysfiltered.code.tex
\pgfkeys@tmptoks=\toks74
))
(/usr/share/texlive/texmf-dist/tex/generic/pgfplots/oldpgfcompatib/pgfplotsoldp
gfsupp_pgfmathfloat.code.tex
\c@pgfmathroundto@lastzeros=\count195
)
(/usr/share/texlive/texmf-dist/tex/generic/pgfplots/oldpgfcompatib/pgfplotsoldp
gfsupp_pgflibraryplothandlers.code.tex
File: pgflibraryplothandlers.code.tex 2012/09/11 v2.10 (rcs-revision 1.17)
\pgf@plot@mark@count=\count196
\pgfplotmarksize=\dimen211
)
(/usr/share/texlive/texmf-dist/tex/generic/pgfplots/oldpgfcompatib/pgfplotsoldp
gfsupp_pgflibraryfpu.code.tex)
(/usr/share/texlive/texmf-dist/tex/generic/pgfplots/oldpgfcompatib/pgfplotsoldp
gfsupp_pgfcorescopes.code.tex
File: pgfcorescopes.code.tex 2012/11/30  (rcs-revision 1.38)
\pgfpic=\box46
\pgf@hbox=\box47
\pgf@layerbox@main=\box48
\pgf@picture@serial@count=\count197
)
(/usr/share/texlive/texmf-dist/tex/generic/pgfplots/oldpgfcompatib/pgfplotsoldp
gfsupp_pgfcorelayers.code.tex
File: pgfcorelayers.code.tex 2012/11/07  (rcs-revision 1.5)
))
(/usr/share/texlive/texmf-dist/tex/generic/pgfplots/util/pgfplotsutil.code.tex
(/usr/share/texlive/texmf-dist/tex/generic/pgfplots/liststructure/pgfplotslists
tructure.code.tex)
(/usr/share/texlive/texmf-dist/tex/generic/pgfplots/liststructure/pgfplotslists
tructureext.code.tex)
(/usr/share/texlive/texmf-dist/tex/generic/pgfplots/liststructure/pgfplotsarray
.code.tex
\c@pgfplotsarray@tmp=\count198
)
(/usr/share/texlive/texmf-dist/tex/generic/pgfplots/liststructure/pgfplotsmatri
x.code.tex)
(/usr/share/texlive/texmf-dist/tex/generic/pgfplots/numtable/pgfplotstableshare
d.code.tex
\c@pgfplotstable@counta=\count199
\t@pgfplotstable@a=\toks75
)
(/usr/share/texlive/texmf-dist/tex/generic/pgfplots/liststructure/pgfplotsdeque
.code.tex)
(/usr/share/texlive/texmf-dist/tex/generic/pgfplots/util/pgfplotsbinary.code.te
x
(/usr/share/texlive/texmf-dist/tex/generic/pgfplots/util/pgfplotsbinary.data.co
de.tex))
(/usr/share/texlive/texmf-dist/tex/generic/pgfplots/util/pgfplotsutil.verb.code
.tex)
(/usr/share/texlive/texmf-dist/tex/generic/pgfplots/libs/pgflibrarypgfplots.sur
fshading.code.tex
\c@pgfplotslibrarysurf@no=\count200

(/usr/share/texlive/texmf-dist/tex/generic/pgfplots/sys/pgflibrarypgfplots.surf
shading.pgfsys-pdftex.def)))
(/usr/share/texlive/texmf-dist/tex/generic/pgfplots/util/pgfplotscolormap.code.
tex
(/usr/share/texlive/texmf-dist/tex/generic/pgfplots/util/pgfplotscolor.code.tex
))
(/usr/share/texlive/texmf-dist/tex/generic/pgfplots/pgfplotsstackedplots.code.t
ex)
(/usr/share/texlive/texmf-dist/tex/generic/pgfplots/pgfplotsplothandlers.code.t
ex
(/usr/share/texlive/texmf-dist/tex/generic/pgfplots/pgfplotsmeshplothandler.cod
e.tex))
(/usr/share/texlive/texmf-dist/tex/generic/pgfplots/pgfplots.scaling.code.tex)
(/usr/share/texlive/texmf-dist/tex/generic/pgfplots/pgfplotscoordprocessing.cod
e.tex)
(/usr/share/texlive/texmf-dist/tex/generic/pgfplots/pgfplots.errorbars.code.tex
) (/usr/share/texlive/texmf-dist/tex/generic/pgfplots/pgfplots.markers.code.tex
) (/usr/share/texlive/texmf-dist/tex/generic/pgfplots/pgfplotsticks.code.tex)
(/usr/share/texlive/texmf-dist/tex/generic/pgfplots/pgfplots.paths.code.tex)
(/usr/share/texmf/tex/generic/pgf/frontendlayer/tikz/libraries/tikzlibrarydecor
ations.code.tex
(/usr/share/texmf/tex/generic/pgf/modules/pgfmoduledecorations.code.tex
\pgfdecoratedcompleteddistance=\dimen212
\pgfdecoratedremainingdistance=\dimen213
\pgfdecoratedinputsegmentcompleteddistance=\dimen214
\pgfdecoratedinputsegmentremainingdistance=\dimen215
\pgf@decorate@distancetomove=\dimen216
\pgf@decorate@repeatstate=\count201
\pgfdecorationsegmentamplitude=\dimen217
\pgfdecorationsegmentlength=\dimen218
)
\tikz@lib@dec@box=\box49
)
(/usr/share/texmf/tex/generic/pgf/frontendlayer/tikz/libraries/tikzlibrarydecor
ations.pathmorphing.code.tex
(/usr/share/texmf/tex/generic/pgf/libraries/decorations/pgflibrarydecorations.p
athmorphing.code.tex))
(/usr/share/texmf/tex/generic/pgf/frontendlayer/tikz/libraries/tikzlibrarydecor
ations.pathreplacing.code.tex
(/usr/share/texmf/tex/generic/pgf/libraries/decorations/pgflibrarydecorations.p
athreplacing.code.tex))
\pgfplots@numplots=\count202
\pgfplots@xmin@reg=\dimen219
\pgfplots@xmax@reg=\dimen220
\pgfplots@ymin@reg=\dimen221
\pgfplots@ymax@reg=\dimen222
\pgfplots@zmin@reg=\dimen223
\pgfplots@zmax@reg=\dimen224
)
(/usr/share/texmf/tex/generic/pgf/frontendlayer/tikz/libraries/tikzlibraryplotm
arks.code.tex
File: tikzlibraryplotmarks.code.tex 2008/01/09 v2.10 (rcs-revision 1.1)

(/usr/share/texmf/tex/generic/pgf/libraries/pgflibraryplotmarks.code.tex
File: pgflibraryplotmarks.code.tex 2010/10/15 v2.10 (rcs-revision 1.12)
)))
(/usr/share/texlive/texmf-dist/tex/latex/multirow/multirow.sty
\bigstrutjot=\dimen225
)
(/usr/share/texlive/texmf-dist/tex/latex/tools/tabularx.sty
Package: tabularx 1999/01/07 v2.07 `tabularx' package (DPC)
\TX@col@width=\dimen226
\TX@old@table=\dimen227
\TX@old@col=\dimen228
\TX@target=\dimen229
\TX@delta=\dimen230
\TX@cols=\count203
\TX@ftn=\toks76
)
(/usr/share/texlive/texmf-dist/tex/latex/titlesec/titlesec.sty
Package: titlesec 2011/12/15 v2.10.0 Sectioning titles
\ttl@box=\box50
\beforetitleunit=\skip81
\aftertitleunit=\skip82
\ttl@plus=\dimen231
\ttl@minus=\dimen232
\ttl@toksa=\toks77
\titlewidth=\dimen233
Normal \dimen register pool exhausted, switching to extended pool.
\titlewidthlast=\dimen256
\titlewidthfirst=\dimen257
)
(/usr/share/texlive/texmf-dist/tex/latex/totpages/totpages.sty
Package: totpages 2005/09/19 v2.00 Totpages Package (muewi)
)
(/usr/share/texlive/texmf-dist/tex/latex/soul/soul.sty
Package: soul 2003/11/17 v2.4 letterspacing/underlining (mf)
\SOUL@word=\toks78
\SOUL@lasttoken=\toks79
\SOUL@cmds=\toks80
\SOUL@buffer=\toks81
\SOUL@token=\toks82
\SOUL@spaceskip=\skip83
\SOUL@ttwidth=\dimen258
\SOUL@uldp=\dimen259
\SOUL@ulht=\dimen260
)
(/usr/share/texlive/texmf-dist/tex/latex/tools/verbatim.sty
Package: verbatim 2003/08/22 v1.5q LaTeX2e package for verbatim enhancements
\every@verbatim=\toks83
\verbatim@line=\toks84
\verbatim@in@stream=\read3
)
(/usr/share/texlive/texmf-dist/tex/latex/wallpaper/wallpaper.sty
Package: wallpaper 2005/01/18, v1.01 easy wallpaper formatting (MHFW)

(/usr/share/texlive/texmf-dist/tex/latex/eso-pic/eso-pic.sty
Package: eso-pic 2013/10/06 v2.0d eso-pic (RN)
)
\wpXoffset=\skip84
\wpYoffset=\skip85
\tileXoffset=\skip86
\tileYoffset=\skip87
\tilewidth=\skip88
\tileheight=\skip89
\tileX=\skip90
\tileY=\skip91
)
(/usr/share/texlive/texmf-dist/tex/latex/tools/xspace.sty
Package: xspace 2009/10/20 v1.13 Space after command names (DPC,MH)
)
(./Analisi_dei_Requisiti.aux)
\openout1 = `Analisi_dei_Requisiti.aux'.

LaTeX Font Info:    Checking defaults for OML/cmm/m/it on input line 114.
LaTeX Font Info:    ... okay on input line 114.
LaTeX Font Info:    Checking defaults for T1/cmr/m/n on input line 114.
LaTeX Font Info:    ... okay on input line 114.
LaTeX Font Info:    Checking defaults for OT1/cmr/m/n on input line 114.
LaTeX Font Info:    ... okay on input line 114.
LaTeX Font Info:    Checking defaults for OMS/cmsy/m/n on input line 114.
LaTeX Font Info:    ... okay on input line 114.
LaTeX Font Info:    Checking defaults for OMX/cmex/m/n on input line 114.
LaTeX Font Info:    ... okay on input line 114.
LaTeX Font Info:    Checking defaults for U/cmr/m/n on input line 114.
LaTeX Font Info:    ... okay on input line 114.
LaTeX Font Info:    Checking defaults for TS1/cmr/m/n on input line 114.
LaTeX Font Info:    Try loading font information for TS1+cmr on input line 114.


(/usr/share/texlive/texmf-dist/tex/latex/base/ts1cmr.fd
File: ts1cmr.fd 1999/05/25 v2.5h Standard LaTeX font definitions
)
LaTeX Font Info:    ... okay on input line 114.
LaTeX Font Info:    Checking defaults for PD1/pdf/m/n on input line 114.
LaTeX Font Info:    ... okay on input line 114.
LaTeX Font Info:    Try loading font information for T1+GilliusADF-LF on input 
line 114.

(/usr/share/texlive/texmf-dist/tex/latex/gillius/T1GilliusADF-LF.fd
File: T1GilliusADF-LF.fd 2013/11/03 (autoinst) Font definitions for T1/GilliusA
DF-LF.
)
LaTeX Font Info:    Font shape `T1/GilliusADF-LF/m/n' will be
(Font)              scaled to size 10.95pt on input line 114.
\c@mv@tabular=\count204
\c@mv@boldtabular=\count205
LaTeX Info: Redefining \it@ocap on input line 114.
LaTeX Info: Redefining \it@ccap on input line 114.

*geometry* driver: auto-detecting
*geometry* detected driver: pdftex
*geometry* verbose mode - [ preamble ] result:
* driver: pdftex
* paper: a4paper
* layout: <same size as paper>
* layoutoffset:(h,v)=(0.0pt,0.0pt)
* bindingoffset: 14.22636pt
* modes: 
* h-part:(L,W,R)=(85.35826pt, 412.56499pt, 85.35826pt)
* v-part:(T,H,B)=(85.35826pt, 674.33032pt, 85.35826pt)
* \paperwidth=597.50787pt
* \paperheight=845.04684pt
* \textwidth=412.56499pt
* \textheight=674.33032pt
* \oddsidemargin=27.31464pt
* \evensidemargin=13.08827pt
* \topmargin=-23.91173pt
* \headheight=25.0pt
* \headsep=25.0pt
* \topskip=11.0pt
* \footskip=30.0pt
* \marginparwidth=50.0pt
* \marginparsep=10.0pt
* \columnsep=10.0pt
* \skip\footins=10.0pt plus 4.0pt minus 2.0pt
* \hoffset=0.0pt
* \voffset=0.0pt
* \mag=1000
* \@twocolumnfalse
* \@twosidefalse
* \@mparswitchfalse
* \@reversemarginfalse
* (1in=72.27pt=25.4mm, 1cm=28.453pt)

Package caption Info: Begin \AtBeginDocument code.
Package caption Info: float package is loaded.
Package caption Info: hyperref package is loaded.
Package caption Info: longtable package is loaded.
(/usr/share/texlive/texmf-dist/tex/latex/caption/ltcaption.sty
Package: ltcaption 2013/02/03 v1.3-62 longtable captions (AR)
)
Package caption Info: subfigure package is loaded.
Package caption Info: supertabular package is loaded.
Package caption Info: End \AtBeginDocument code.

(/usr/share/texlive/texmf-dist/tex/latex/glossaries/dict/glossaries-dictionary-
English.dict
Dictionary: glossaries-dictionary, Language: English 
) (/usr/share/texlive/texmf-dist/tex/context/base/supp-pdf.mkii
[Loading MPS to PDF converter (version 2006.09.02).]
\scratchcounter=\count206
\scratchdimen=\dimen261
\scratchbox=\box51
\nofMPsegments=\count207
\nofMParguments=\count208
\everyMPshowfont=\toks85
\MPscratchCnt=\count209
\MPscratchDim=\dimen262
\MPnumerator=\count210
\makeMPintoPDFobject=\count211
\everyMPtoPDFconversion=\toks86
)
\AtBeginShipoutBox=\box52
Package hyperref Info: Link coloring ON on input line 114.
 (/usr/share/texlive/texmf-dist/tex/latex/hyperref/nameref.sty
Package: nameref 2012/10/27 v2.43 Cross-referencing by name of section

(/usr/share/texlive/texmf-dist/tex/generic/oberdiek/gettitlestring.sty
Package: gettitlestring 2010/12/03 v1.4 Cleanup title references (HO)
)
\c@section@level=\count212
)
LaTeX Info: Redefining \ref on input line 114.
LaTeX Info: Redefining \pageref on input line 114.
LaTeX Info: Redefining \nameref on input line 114.

(./Analisi_dei_Requisiti.out) (./Analisi_dei_Requisiti.out)
\@outlinefile=\write6
\openout6 = `Analisi_dei_Requisiti.out'.


ABD: EveryShipout initializing macros
Package pgfplots notification 'compat/show suggested version=true': document ha
s been generated with the most recent feature set (\pgfplotsset{compat=1.9}).

LaTeX Font Info:    Font shape `T1/GilliusADF-LF/bx/n' in size <10.95> not avai
lable
(Font)              Font shape `T1/GilliusADF-LF/b/n' tried instead on input li
ne 120.
LaTeX Font Info:    Font shape `T1/GilliusADF-LF/b/n' will be
(Font)              scaled to size 10.95pt on input line 120.
LaTeX Font Info:    Font shape `T1/GilliusADF-LF/bx/n' in size <40> not availab
le
(Font)              Font shape `T1/GilliusADF-LF/b/n' tried instead on input li
ne 120.
LaTeX Font Info:    Font shape `T1/GilliusADF-LF/b/n' will be
(Font)              scaled to size 40.0pt on input line 120.
<../template/img/logo.png, id=151, 2109.8825pt x 796.9775pt>
File: ../template/img/logo.png Graphic file (type png)

<use ../template/img/logo.png>
Package pdftex.def Info: ../template/img/logo.png used on input line 124.
(pdftex.def)             Requested size: 301.27307pt x 113.81102pt.
LaTeX Font Info:    Font shape `T1/GilliusADF-LF/m/n' will be
(Font)              scaled to size 18.0pt on input line 130.
LaTeX Font Info:    Font shape `T1/GilliusADF-LF/bx/n' in size <18> not availab
le
(Font)              Font shape `T1/GilliusADF-LF/b/n' tried instead on input li
ne 130.
LaTeX Font Info:    Font shape `T1/GilliusADF-LF/b/n' will be
(Font)              scaled to size 18.0pt on input line 130.
LaTeX Font Info:    Try loading font information for U+msa on input line 134.

(/usr/share/texlive/texmf-dist/tex/latex/amsfonts/umsa.fd
File: umsa.fd 2013/01/14 v3.01 AMS symbols A
)
LaTeX Font Info:    Try loading font information for U+msb on input line 134.

(/usr/share/texlive/texmf-dist/tex/latex/amsfonts/umsb.fd
File: umsb.fd 2013/01/14 v3.01 AMS symbols B
) [1.1

{/var/lib/texmf/fonts/map/pdftex/updmap/pdftex.map} <../template/img/logo.png>]
)
(../template/index.tex
LaTeX Font Info:    Font shape `T1/GilliusADF-LF/m/n' will be
(Font)              scaled to size 14.4pt on input line 5.
LaTeX Font Info:    Font shape `T1/GilliusADF-LF/bx/n' in size <14.4> not avail
able
(Font)              Font shape `T1/GilliusADF-LF/b/n' tried instead on input li
ne 5.
LaTeX Font Info:    Font shape `T1/GilliusADF-LF/b/n' will be
(Font)              scaled to size 14.4pt on input line 5.
 (./Analisi_dei_Requisiti.toc)
\tf@toc=\write7
\openout7 = `Analisi_dei_Requisiti.toc'.

LaTeX Font Info:    Font shape `T1/GilliusADF-LF/m/n' will be
(Font)              scaled to size 9.0pt on input line 5.

<../template/img/intestazione.png, id=197, 375.71367pt x 50.86002pt>
File: ../template/img/intestazione.png Graphic file (type png)

<use ../template/img/intestazione.png>
Package pdftex.def Info: ../template/img/intestazione.png used on input line 5.

(pdftex.def)             Requested size: 597.54242pt x 80.88875pt.

<../template/img/piedipagina.png, id=198, 375.71367pt x 50.86002pt>
File: ../template/img/piedipagina.png Graphic file (type png)

<use ../template/img/piedipagina.png>
Package pdftex.def Info: ../template/img/piedipagina.png used on input line 5.
(pdftex.def)             Requested size: 597.54242pt x 80.88875pt.
 [1.2 <../template/img/intestazione.png> <../template/img/piedipagina.png>] (./
Analisi_dei_Requisiti.lot)
\tf@lot=\write8
\openout8 = `Analisi_dei_Requisiti.lot'.

File: ../template/img/intestazione.png Graphic file (type png)

<use ../template/img/intestazione.png>
Package pdftex.def Info: ../template/img/intestazione.png used on input line 9.

(pdftex.def)             Requested size: 597.54242pt x 80.88875pt.
File: ../template/img/piedipagina.png Graphic file (type png)
 <use ../template/img/piedipagina.png>
Package pdftex.def Info: ../template/img/piedipagina.png used on input line 9.
(pdftex.def)             Requested size: 597.54242pt x 80.88875pt.

[2.3] (./Analisi_dei_Requisiti.lof)
\tf@lof=\write9
\openout9 = `Analisi_dei_Requisiti.lof'.

File: ../template/img/intestazione.png Graphic file (type png)
 <use ../template/img/intestazione.png>
Package pdftex.def Info: ../template/img/intestazione.png used on input line 13
.
(pdftex.def)             Requested size: 597.54242pt x 80.88875pt.
File: ../template/img/piedipagina.png Graphic file (type png)

<use ../template/img/piedipagina.png>
Package pdftex.def Info: ../template/img/piedipagina.png used on input line 13.

(pdftex.def)             Requested size: 597.54242pt x 80.88875pt.
 [3.4]) (./sezioni/1_AdR.tex
LaTeX Font Info:    Font shape `T1/GilliusADF-LF/m/n' will be
(Font)              scaled to size 12.0pt on input line 3.
LaTeX Font Info:    Font shape `T1/GilliusADF-LF/bx/n' in size <12> not availab
le
(Font)              Font shape `T1/GilliusADF-LF/b/n' tried instead on input li
ne 3.
LaTeX Font Info:    Font shape `T1/GilliusADF-LF/b/n' will be
(Font)              scaled to size 12.0pt on input line 3.
LaTeX Font Info:    Font shape `T1/GilliusADF-LF/m/n' will be
(Font)              scaled to size 10.0pt on input line 4.
LaTeX Font Info:    Try loading font information for TS1+GilliusADF-LF on input
 line 13.

(/usr/share/texlive/texmf-dist/tex/latex/gillius/TS1GilliusADF-LF.fd
File: TS1GilliusADF-LF.fd 2013/11/03 (autoinst) Font definitions for TS1/Gilliu
sADF-LF.
)
LaTeX Font Info:    Font shape `TS1/GilliusADF-LF/m/n' will be
(Font)              scaled to size 10.95pt on input line 13.
LaTeX Font Info:    Font shape `T1/GilliusADF-LF/m/it' will be
(Font)              scaled to size 10.95pt on input line 24.
LaTeX Font Info:    Try loading font information for T1+cmtt on input line 34.

(/usr/share/texlive/texmf-dist/tex/latex/base/t1cmtt.fd
File: t1cmtt.fd 1999/05/25 v2.5h Standard LaTeX font definitions
)pdfTeX warning (ext4): destination with the same identifier (name{page.1}) has
 been already used, duplicate ignored
<to be read again> 
                   \relax 
l.49 \item S
            oftware Engineering - Ian Sommerville - 9th Edition 2010  Cha...
File: ../template/img/intestazione.png Graphic file (type png)
<use ../template/img/intestazione.png>
Package pdftex.def Info: ../template/img/intestazione.png used on input line 49
.
(pdftex.def)             Requested size: 597.54242pt x 80.88875pt.
File: ../template/img/piedipagina.png Graphic file (type png)
 <use ../template/img/piedipagina.png>
Package pdftex.def Info: ../template/img/piedipagina.png used on input line 49.

(pdftex.def)             Requested size: 597.54242pt x 80.88875pt.

[1.5]
Overfull \hbox (52.01505pt too wide) in paragraph at lines 50--51
[]\T1/GilliusADF-LF/m/n/10.95 IEEE 830-1998: [][]$\T1/cmtt/m/n/10.95 https : / 
/ en . wikipedia . org / wiki / Software _ requirements _ specification$[][] 
 []

) (./sezioni/2_AdR.tex) (./sezioni/3_AdR.tex
Underfull \hbox (badness 10000) in paragraph at lines 2--5

 []


<UseCase_17_03_2016/immagini/uc_1_scenario_alto_livello.png, id=270, 980.52322p
t x 1011.78pt>
File: UseCase_17_03_2016/immagini/uc_1_scenario_alto_livello.png Graphic file (
type png)

<use UseCase_17_03_2016/immagini/uc_1_scenario_alto_livello.png>
Package pdftex.def Info: UseCase_17_03_2016/immagini/uc_1_scenario_alto_livello
.png used on input line 14.
(pdftex.def)             Requested size: 490.2604pt x 505.88876pt.

Overfull \hbox (77.69542pt too wide) in paragraph at lines 14--16
 [][] 
 []

LaTeX Font Info:    Font shape `T1/GilliusADF-LF/bx/n' in size <10> not availab
le
(Font)              Font shape `T1/GilliusADF-LF/b/n' tried instead on input li
ne 16.
LaTeX Font Info:    Font shape `T1/GilliusADF-LF/b/n' will be
(Font)              scaled to size 10.0pt on input line 16.
File: ../template/img/intestazione.png Graphic file (type png)
<use ../template/img/intestazione.png>
Package pdftex.def Info: ../template/img/intestazione.png used on input line 22
.
(pdftex.def)             Requested size: 597.54242pt x 80.88875pt.
File: ../template/img/piedipagina.png Graphic file (type png)
 <use ../template/img/piedipagina.png>
Package pdftex.def Info: ../template/img/piedipagina.png used on input line 22.

(pdftex.def)             Requested size: 597.54242pt x 80.88875pt.

[2.6]
File: ../template/img/intestazione.png Graphic file (type png)
 <use ../template/img/intestazione.png>
Package pdftex.def Info: ../template/img/intestazione.png used on input line 22
.
(pdftex.def)             Requested size: 597.54242pt x 80.88875pt.
File: ../template/img/piedipagina.png Graphic file (type png)

<use ../template/img/piedipagina.png>
Package pdftex.def Info: ../template/img/piedipagina.png used on input line 22.

(pdftex.def)             Requested size: 597.54242pt x 80.88875pt.
 [3.7 <./UseCase_17_03_2016/immagini/uc_1_scenario_alto_livello.png>]
<UseCase_17_03_2016/immagini/uc_1_1_creazione_sceneggiato.png, id=283, 692.5272
7pt x 778.88992pt>
File: UseCase_17_03_2016/immagini/uc_1_1_creazione_sceneggiato.png Graphic file
 (type png)

<use UseCase_17_03_2016/immagini/uc_1_1_creazione_sceneggiato.png>
Package pdftex.def Info: UseCase_17_03_2016/immagini/uc_1_1_creazione_sceneggia
to.png used on input line 39.
(pdftex.def)             Requested size: 346.26279pt x 389.444pt.

<UseCase_17_03_2016/immagini/uc_1_1_1_creazione_personaggi.png, id=284, 662.354
55pt x 524.86087pt>
File: UseCase_17_03_2016/immagini/uc_1_1_1_creazione_personaggi.png Graphic fil
e (type png)

<use UseCase_17_03_2016/immagini/uc_1_1_1_creazione_personaggi.png>
Package pdftex.def Info: UseCase_17_03_2016/immagini/uc_1_1_1_creazione_persona
ggi.png used on input line 63.
(pdftex.def)             Requested size: 331.17647pt x 262.4298pt.
File: ../template/img/intestazione.png Graphic file (type png)

<use ../template/img/intestazione.png>
Package pdftex.def Info: ../template/img/intestazione.png used on input line 76
.
(pdftex.def)             Requested size: 597.54242pt x 80.88875pt.
File: ../template/img/piedipagina.png Graphic file (type png)
 <use ../template/img/piedipagina.png>
Package pdftex.def Info: ../template/img/piedipagina.png used on input line 76.

(pdftex.def)             Requested size: 597.54242pt x 80.88875pt.

[4.8]
File: ../template/img/intestazione.png Graphic file (type png)
 <use ../template/img/intestazione.png>
Package pdftex.def Info: ../template/img/intestazione.png used on input line 76
.
(pdftex.def)             Requested size: 597.54242pt x 80.88875pt.
File: ../template/img/piedipagina.png Graphic file (type png)

<use ../template/img/piedipagina.png>
Package pdftex.def Info: ../template/img/piedipagina.png used on input line 76.

(pdftex.def)             Requested size: 597.54242pt x 80.88875pt.
 [5.9 <./UseCase_17_03_2016/immagini/uc_1_1_creazione_sceneggiato.png>]
<UseCase_17_03_2016/immagini/uc_1_1_1_2_assegnazione_voce.png, id=304, 662.3545
5pt x 526.8483pt>
File: UseCase_17_03_2016/immagini/uc_1_1_1_2_assegnazione_voce.png Graphic file
 (type png)

<use UseCase_17_03_2016/immagini/uc_1_1_1_2_assegnazione_voce.png>
Package pdftex.def Info: UseCase_17_03_2016/immagini/uc_1_1_1_2_assegnazione_vo
ce.png used on input line 86.
(pdftex.def)             Requested size: 331.17647pt x 263.42351pt.

<UseCase_17_03_2016/immagini/uc_1_1_2_scrittura_battute.png, id=305, 664.34198p
t x 510.76822pt>
File: UseCase_17_03_2016/immagini/uc_1_1_2_scrittura_battute.png Graphic file (
type png)

<use UseCase_17_03_2016/immagini/uc_1_1_2_scrittura_battute.png>
Package pdftex.def Info: UseCase_17_03_2016/immagini/uc_1_1_2_scrittura_battute
.png used on input line 107.
(pdftex.def)             Requested size: 332.17018pt x 255.38348pt.
File: ../template/img/intestazione.png Graphic file (type png)

<use ../template/img/intestazione.png>
Package pdftex.def Info: ../template/img/intestazione.png used on input line 11
5.
(pdftex.def)             Requested size: 597.54242pt x 80.88875pt.
File: ../template/img/piedipagina.png Graphic file (type png)
 <use ../template/img/piedipagina.png>
Package pdftex.def Info: ../template/img/piedipagina.png used on input line 115
.
(pdftex.def)             Requested size: 597.54242pt x 80.88875pt.

[6.10 <./UseCase_17_03_2016/immagini/uc_1_1_1_creazione_personaggi.png>]
File: ../template/img/intestazione.png Graphic file (type png)

<use ../template/img/intestazione.png>
Package pdftex.def Info: ../template/img/intestazione.png used on input line 11
5.
(pdftex.def)             Requested size: 597.54242pt x 80.88875pt.
File: ../template/img/piedipagina.png Graphic file (type png)
 <use ../template/img/piedipagina.png>
Package pdftex.def Info: ../template/img/piedipagina.png used on input line 115
.
(pdftex.def)             Requested size: 597.54242pt x 80.88875pt.

[7.11 <./UseCase_17_03_2016/immagini/uc_1_1_1_2_assegnazione_voce.png> <./UseCa
se_17_03_2016/immagini/uc_1_1_2_scrittura_battute.png>]
<UseCase_17_03_2016/immagini/uc_1_1_3_associazione_battuta_sentimento.png, id=3
25, 679.51868pt x 566.05478pt>
File: UseCase_17_03_2016/immagini/uc_1_1_3_associazione_battuta_sentimento.png 
Graphic file (type png)

<use UseCase_17_03_2016/immagini/uc_1_1_3_associazione_battuta_sentimento.png>
Package pdftex.def Info: UseCase_17_03_2016/immagini/uc_1_1_3_associazione_batt
uta_sentimento.png used on input line 129.
(pdftex.def)             Requested size: 339.7585pt x 283.02669pt.
File: ../template/img/intestazione.png Graphic file (type png)

<use ../template/img/intestazione.png>
Package pdftex.def Info: ../template/img/intestazione.png used on input line 14
2.
(pdftex.def)             Requested size: 597.54242pt x 80.88875pt.
File: ../template/img/piedipagina.png Graphic file (type png)
 <use ../template/img/piedipagina.png>
Package pdftex.def Info: ../template/img/piedipagina.png used on input line 142
.
(pdftex.def)             Requested size: 597.54242pt x 80.88875pt.

[8.12 <./UseCase_17_03_2016/immagini/uc_1_1_3_associazione_battuta_sentimento.p
ng>]
<UseCase_17_03_2016/immagini/uc_1_1_4_modifica_battuta.png, id=335, 509.65407pt
 x 548.80031pt>
File: UseCase_17_03_2016/immagini/uc_1_1_4_modifica_battuta.png Graphic file (t
ype png)

<use UseCase_17_03_2016/immagini/uc_1_1_4_modifica_battuta.png>
Package pdftex.def Info: UseCase_17_03_2016/immagini/uc_1_1_4_modifica_battuta.
png used on input line 151.
(pdftex.def)             Requested size: 254.8264pt x 274.39948pt.

<UseCase_17_03_2016/immagini/uc_1_2_condivisione.png, id=336, 662.35455pt x 571
.11368pt>
File: UseCase_17_03_2016/immagini/uc_1_2_condivisione.png Graphic file (type pn
g)
 <use UseCase_17_03_2016/immagini/uc_1_2_condivisione.png>
Package pdftex.def Info: UseCase_17_03_2016/immagini/uc_1_2_condivisione.png us
ed on input line 172.
(pdftex.def)             Requested size: 331.17647pt x 285.55614pt.
File: ../template/img/intestazione.png Graphic file (type png)

<use ../template/img/intestazione.png>
Package pdftex.def Info: ../template/img/intestazione.png used on input line 18
1.
(pdftex.def)             Requested size: 597.54242pt x 80.88875pt.
File: ../template/img/piedipagina.png Graphic file (type png)
 <use ../template/img/piedipagina.png>
Package pdftex.def Info: ../template/img/piedipagina.png used on input line 181
.
(pdftex.def)             Requested size: 597.54242pt x 80.88875pt.

[9.13 <./UseCase_17_03_2016/immagini/uc_1_1_4_modifica_battuta.png>]
<UseCase_17_03_2016/immagini/uc_1_3_esportazione_audio_finale.png, id=349, 522.
87344pt x 484.75102pt>
File: UseCase_17_03_2016/immagini/uc_1_3_esportazione_audio_finale.png Graphic 
file (type png)

<use UseCase_17_03_2016/immagini/uc_1_3_esportazione_audio_finale.png>
Package pdftex.def Info: UseCase_17_03_2016/immagini/uc_1_3_esportazione_audio_
finale.png used on input line 195.
(pdftex.def)             Requested size: 261.43608pt x 242.37491pt.
File: ../template/img/intestazione.png Graphic file (type png)

<use ../template/img/intestazione.png>
Package pdftex.def Info: ../template/img/intestazione.png used on input line 20
9.
(pdftex.def)             Requested size: 597.54242pt x 80.88875pt.
File: ../template/img/piedipagina.png Graphic file (type png)
 <use ../template/img/piedipagina.png>
Package pdftex.def Info: ../template/img/piedipagina.png used on input line 209
.
(pdftex.def)             Requested size: 597.54242pt x 80.88875pt.

[10.14 <./UseCase_17_03_2016/immagini/uc_1_2_condivisione.png>]
<UseCase_17_03_2016/immagini/uc_1_4_salvataggio_file.png, id=360, 662.35455pt x
 512.75565pt>
File: UseCase_17_03_2016/immagini/uc_1_4_salvataggio_file.png Graphic file (typ
e png)
 <use UseCase_17_03_2016/immagini/uc_1_4_salvataggio_file.png>
Package pdftex.def Info: UseCase_17_03_2016/immagini/uc_1_4_salvataggio_file.pn
g used on input line 217.
(pdftex.def)             Requested size: 331.17647pt x 256.37718pt.

<UseCase_17_03_2016/immagini/uc_1_7_apertura_file.png, id=361, 662.475pt x 519.
44063pt>
File: UseCase_17_03_2016/immagini/uc_1_7_apertura_file.png Graphic file (type p
ng)
 <use UseCase_17_03_2016/immagini/uc_1_7_apertura_file.png>
Package pdftex.def Info: UseCase_17_03_2016/immagini/uc_1_7_apertura_file.png u
sed on input line 239.
(pdftex.def)             Requested size: 331.2367pt x 259.71968pt.
File: ../template/img/intestazione.png Graphic file (type png)

<use ../template/img/intestazione.png>
Package pdftex.def Info: ../template/img/intestazione.png used on input line 25
0.
(pdftex.def)             Requested size: 597.54242pt x 80.88875pt.
File: ../template/img/piedipagina.png Graphic file (type png)
 <use ../template/img/piedipagina.png>
Package pdftex.def Info: ../template/img/piedipagina.png used on input line 250
.
(pdftex.def)             Requested size: 597.54242pt x 80.88875pt.

[11.15 <./UseCase_17_03_2016/immagini/uc_1_3_esportazione_audio_finale.png>]
File: ../template/img/intestazione.png Graphic file (type png)

<use ../template/img/intestazione.png>
Package pdftex.def Info: ../template/img/intestazione.png used on input line 25
0.
(pdftex.def)             Requested size: 597.54242pt x 80.88875pt.
File: ../template/img/piedipagina.png Graphic file (type png)
 <use ../template/img/piedipagina.png>
Package pdftex.def Info: ../template/img/piedipagina.png used on input line 250
.
(pdftex.def)             Requested size: 597.54242pt x 80.88875pt.

[12.16 <./UseCase_17_03_2016/immagini/uc_1_4_salvataggio_file.png> <./UseCase_1
7_03_2016/immagini/uc_1_7_apertura_file.png>]
<UseCase_17_03_2016/immagini/uc_1_8_modifica_sceneggiato.png, id=378, 465.59947
pt x 401.45985pt>
File: UseCase_17_03_2016/immagini/uc_1_8_modifica_sceneggiato.png Graphic file 
(type png)

<use UseCase_17_03_2016/immagini/uc_1_8_modifica_sceneggiato.png>
Package pdftex.def Info: UseCase_17_03_2016/immagini/uc_1_8_modifica_sceneggiat
o.png used on input line 262.
(pdftex.def)             Requested size: 232.79916pt x 200.72943pt.

<UseCase_17_03_2016/immagini/uc_2_configurazione_alto_livello.png, id=379, 554.
82281pt x 507.39563pt>
File: UseCase_17_03_2016/immagini/uc_2_configurazione_alto_livello.png Graphic 
file (type png)

<use UseCase_17_03_2016/immagini/uc_2_configurazione_alto_livello.png>
Package pdftex.def Info: UseCase_17_03_2016/immagini/uc_2_configurazione_alto_l
ivello.png used on input line 285.
(pdftex.def)             Requested size: 277.41072pt x 253.69719pt.
File: ../template/img/intestazione.png Graphic file (type png)

<use ../template/img/intestazione.png>
Package pdftex.def Info: ../template/img/intestazione.png used on input line 29
3.
(pdftex.def)             Requested size: 597.54242pt x 80.88875pt.
File: ../template/img/piedipagina.png Graphic file (type png)
 <use ../template/img/piedipagina.png>
Package pdftex.def Info: ../template/img/piedipagina.png used on input line 293
.
(pdftex.def)             Requested size: 597.54242pt x 80.88875pt.

[13.17 <./UseCase_17_03_2016/immagini/uc_1_8_modifica_sceneggiato.png>]
<UseCase_17_03_2016/immagini/uc_2_1_creazione_preset.png, id=392, 663.4386pt x 
517.81454pt>
File: UseCase_17_03_2016/immagini/uc_2_1_creazione_preset.png Graphic file (typ
e png)
 <use UseCase_17_03_2016/immagini/uc_2_1_creazione_preset.png>
Package pdftex.def Info: UseCase_17_03_2016/immagini/uc_2_1_creazione_preset.pn
g used on input line 309.
(pdftex.def)             Requested size: 331.71849pt x 258.90663pt.
File: ../template/img/intestazione.png Graphic file (type png)

<use ../template/img/intestazione.png>
Package pdftex.def Info: ../template/img/intestazione.png used on input line 32
1.
(pdftex.def)             Requested size: 597.54242pt x 80.88875pt.
File: ../template/img/piedipagina.png Graphic file (type png)
 <use ../template/img/piedipagina.png>
Package pdftex.def Info: ../template/img/piedipagina.png used on input line 321
.
(pdftex.def)             Requested size: 597.54242pt x 80.88875pt.

[14.18 <./UseCase_17_03_2016/immagini/uc_2_configurazione_alto_livello.png>]
<UseCase_17_03_2016/immagini/uc_2_2_selezione_voce_sistema.png, id=403, 459.637
2pt x 404.35065pt>
File: UseCase_17_03_2016/immagini/uc_2_2_selezione_voce_sistema.png Graphic fil
e (type png)

<use UseCase_17_03_2016/immagini/uc_2_2_selezione_voce_sistema.png>
Package pdftex.def Info: UseCase_17_03_2016/immagini/uc_2_2_selezione_voce_sist
ema.png used on input line 332.
(pdftex.def)             Requested size: 229.81804pt x 202.17482pt.
File: ../template/img/intestazione.png Graphic file (type png)

<use ../template/img/intestazione.png>
Package pdftex.def Info: ../template/img/intestazione.png used on input line 33
9.
(pdftex.def)             Requested size: 597.54242pt x 80.88875pt.
File: ../template/img/piedipagina.png Graphic file (type png)
 <use ../template/img/piedipagina.png>
Package pdftex.def Info: ../template/img/piedipagina.png used on input line 339
.
(pdftex.def)             Requested size: 597.54242pt x 80.88875pt.

[15.19 <./UseCase_17_03_2016/immagini/uc_2_1_creazione_preset.png> <./UseCase_1
7_03_2016/immagini/uc_2_2_selezione_voce_sistema.png>]
<UseCase_17_03_2016/immagini/uc_2_3_campionamento_voce.png, id=416, 546.90323pt
 x 500.8311pt>
File: UseCase_17_03_2016/immagini/uc_2_3_campionamento_voce.png Graphic file (t
ype png)
 <use UseCase_17_03_2016/immagini/uc_2_3_campionamento_voce.png>
Package pdftex.def Info: UseCase_17_03_2016/immagini/uc_2_3_campionamento_voce.
png used on input line 348.
(pdftex.def)             Requested size: 273.45094pt x 250.41493pt.

<UseCase_17_03_2016/immagini/uc_2_4_test_preset.png, id=417, 588.09712pt x 495.
7722pt>
File: UseCase_17_03_2016/immagini/uc_2_4_test_preset.png Graphic file (type png
)
 <use UseCase_17_03_2016/immagini/uc_2_4_test_preset.png>
Package pdftex.def Info: UseCase_17_03_2016/immagini/uc_2_4_test_preset.png use
d on input line 370.
(pdftex.def)             Requested size: 294.04784pt x 247.88548pt.
File: ../template/img/intestazione.png Graphic file (type png)

<use ../template/img/intestazione.png>
Package pdftex.def Info: ../template/img/intestazione.png used on input line 37
9.
(pdftex.def)             Requested size: 597.54242pt x 80.88875pt.
File: ../template/img/piedipagina.png Graphic file (type png)
 <use ../template/img/piedipagina.png>
Package pdftex.def Info: ../template/img/piedipagina.png used on input line 379
.
(pdftex.def)             Requested size: 597.54242pt x 80.88875pt.

[16.20 <./UseCase_17_03_2016/immagini/uc_2_3_campionamento_voce.png>]
<UseCase_17_03_2016/immagini/uc_2_5_modifica_preset.png, id=428, 579.06337pt x 
510.76822pt>
File: UseCase_17_03_2016/immagini/uc_2_5_modifica_preset.png Graphic file (type
 png)
 <use UseCase_17_03_2016/immagini/uc_2_5_modifica_preset.png>
Package pdftex.def Info: UseCase_17_03_2016/immagini/uc_2_5_modifica_preset.png
 used on input line 386.
(pdftex.def)             Requested size: 289.53098pt x 255.38348pt.

<UseCase_17_03_2016/immagini/uc_3_modulo_sistema_alto_livello.png, id=429, 687.
46837pt x 566.95815pt>
File: UseCase_17_03_2016/immagini/uc_3_modulo_sistema_alto_livello.png Graphic 
file (type png)

<use UseCase_17_03_2016/immagini/uc_3_modulo_sistema_alto_livello.png>
Package pdftex.def Info: UseCase_17_03_2016/immagini/uc_3_modulo_sistema_alto_l
ivello.png used on input line 408.
(pdftex.def)             Requested size: 343.73334pt x 283.47838pt.
File: ../template/img/intestazione.png Graphic file (type png)

<use ../template/img/intestazione.png>
Package pdftex.def Info: ../template/img/intestazione.png used on input line 41
8.
(pdftex.def)             Requested size: 597.54242pt x 80.88875pt.
File: ../template/img/piedipagina.png Graphic file (type png)
 <use ../template/img/piedipagina.png>
Package pdftex.def Info: ../template/img/piedipagina.png used on input line 418
.
(pdftex.def)             Requested size: 597.54242pt x 80.88875pt.

[17.21 <./UseCase_17_03_2016/immagini/uc_2_4_test_preset.png>]
File: ../template/img/intestazione.png Graphic file (type png)

<use ../template/img/intestazione.png>
Package pdftex.def Info: ../template/img/intestazione.png used on input line 41
8.
(pdftex.def)             Requested size: 597.54242pt x 80.88875pt.
File: ../template/img/piedipagina.png Graphic file (type png)
 <use ../template/img/piedipagina.png>
Package pdftex.def Info: ../template/img/piedipagina.png used on input line 418
.
(pdftex.def)             Requested size: 597.54242pt x 80.88875pt.

[18.22 <./UseCase_17_03_2016/immagini/uc_2_5_modifica_preset.png> <./UseCase_17
_03_2016/immagini/uc_3_modulo_sistema_alto_livello.png>]
<UseCase_17_03_2016/immagini/uc_3_3_comunicazione_server.png, id=446, 768.77213
pt x 516.91118pt>
File: UseCase_17_03_2016/immagini/uc_3_3_comunicazione_server.png Graphic file 
(type png)

<use UseCase_17_03_2016/immagini/uc_3_3_comunicazione_server.png>
Package pdftex.def Info: UseCase_17_03_2016/immagini/uc_3_3_comunicazione_serve
r.png used on input line 424.
(pdftex.def)             Requested size: 384.38512pt x 258.45496pt.

<UseCase_17_03_2016/immagini/uc_3_5_selezione_preset.png, id=447, 677.53125pt x
 529.91977pt>
File: UseCase_17_03_2016/immagini/uc_3_5_selezione_preset.png Graphic file (typ
e png)
 <use UseCase_17_03_2016/immagini/uc_3_5_selezione_preset.png>
Package pdftex.def Info: UseCase_17_03_2016/immagini/uc_3_5_selezione_preset.pn
g used on input line 447.
(pdftex.def)             Requested size: 338.76479pt x 264.95923pt.
File: ../template/img/intestazione.png Graphic file (type png)

<use ../template/img/intestazione.png>
Package pdftex.def Info: ../template/img/intestazione.png used on input line 45
7.
(pdftex.def)             Requested size: 597.54242pt x 80.88875pt.
File: ../template/img/piedipagina.png Graphic file (type png)
 <use ../template/img/piedipagina.png>
Package pdftex.def Info: ../template/img/piedipagina.png used on input line 457
.
(pdftex.def)             Requested size: 597.54242pt x 80.88875pt.

[19.23 <./UseCase_17_03_2016/immagini/uc_3_3_comunicazione_server.png>])
(./sezioni/4_AdR.tex
Underfull \hbox (badness 1237) in paragraph at lines 20--20
[]|\T1/GilliusADF-LF/m/n/10.95 L'utente de-ve po-ter crea-re un
 []


Underfull \hbox (badness 3108) in paragraph at lines 24--24
[]|\T1/GilliusADF-LF/m/n/10.95 L'utente de-ve po-ter mo-di-fi-ca-
 []


Underfull \hbox (badness 4556) in paragraph at lines 24--24
\T1/GilliusADF-LF/m/n/10.95 re il no-me as-so-cia-to ad un
 []


Underfull \hbox (badness 3930) in paragraph at lines 28--28
[]|\T1/GilliusADF-LF/m/n/10.95 L'utente de-ve po-ter cam-bia-re
 []


Overfull \hbox (0.2076pt too wide) in alignment at lines 8--34
 [] [] [] [] 
 []


Underfull \vbox (badness 10000) detected at line 34
 []

File: ../template/img/intestazione.png Graphic file (type png)
<use ../template/img/intestazione.png>
Package pdftex.def Info: ../template/img/intestazione.png used on input line 34
.
(pdftex.def)             Requested size: 597.54242pt x 80.88875pt.
File: ../template/img/piedipagina.png Graphic file (type png)
 <use ../template/img/piedipagina.png>
Package pdftex.def Info: ../template/img/piedipagina.png used on input line 34.

(pdftex.def)             Requested size: 597.54242pt x 80.88875pt.

[20.24 <./UseCase_17_03_2016/immagini/uc_3_5_selezione_preset.png>])

Package glossaries Warning: \makeglossaries hasn't been used,
the glossaries will not be updated.


Package glossaries Warning: No \printglossary or \printglossaries found.
This document will not have a glossary.

File: ../template/img/intestazione.png Graphic file (type png)
<use ../template/img/intestazione.png>
Package pdftex.def Info: ../template/img/intestazione.png used on input line 52
.
(pdftex.def)             Requested size: 597.54242pt x 80.88875pt.
File: ../template/img/piedipagina.png Graphic file (type png)
 <use ../template/img/piedipagina.png>
Package pdftex.def Info: ../template/img/piedipagina.png used on input line 52.

(pdftex.def)             Requested size: 597.54242pt x 80.88875pt.

[21.25]
Package atveryend Info: Empty hook `BeforeClearDocument' on input line 52.
Package atveryend Info: Empty hook `AfterLastShipout' on input line 52.
 (./Analisi_dei_Requisiti.aux)
Package atveryend Info: Executing hook `AtVeryEndDocument' on input line 52.
Package atveryend Info: Executing hook `AtEndAfterFileList' on input line 52.
Package rerunfilecheck Info: File `Analisi_dei_Requisiti.out' has not changed.
(rerunfilecheck)             Checksum: 6CD8CDE5779F59B4F671CE3C6C1C08B5;2818.
 ) 
Here is how much of TeX's memory you used:
 30798 strings out of 494417
 628597 string characters out of 6165016
 875922 words of memory out of 5000000
 33173 multiletter control sequences out of 15000+600000
 39964 words of font info for 78 fonts, out of 8000000 for 9000
 372 hyphenation exceptions out of 8191
 55i,14n,92p,1799b,609s stack positions out of 5000i,500n,10000p,200000b,80000s
 </home/gino/.texmf-var/fonts/pk/ljfour/jknappen/ec/ectt1095.600pk>{/usr/shar
e/texlive/texmf-dist/fonts/enc/dvips/gillius/gls_4bsedw.enc}{/usr/share/texlive
/texmf-dist/fonts/enc/dvips/gillius/gls_shb4ap.enc}</usr/share/texlive/texmf-di
st/fonts/type1/arkandis/gillius/GilliusADF-Bold.pfb></usr/share/texlive/texmf-d
ist/fonts/type1/arkandis/gillius/GilliusADF-Italic.pfb></usr/share/texlive/texm
f-dist/fonts/type1/arkandis/gillius/GilliusADF-Regular.pfb></usr/share/texlive/
texmf-dist/fonts/type1/public/amsfonts/cm/cmmi7.pfb>
Output written on Analisi_dei_Requisiti.pdf (25 pages, 6088011 bytes).
PDF statistics:
 555 PDF objects out of 1000 (max. 8388607)
 436 compressed objects within 5 object streams
 134 named destinations out of 1000 (max. 500000)
 421 words of extra memory for PDF output out of 10000 (max. 10000000)

