\BOOKMARK [1][-]{section.1}{Organigramma}{}% 1
\BOOKMARK [2][-]{subsection.1.1}{Redazione}{section.1}% 2
\BOOKMARK [2][-]{subsection.1.2}{Approvazione}{section.1}% 3
\BOOKMARK [2][-]{subsection.1.3}{Accettazione dei componenti}{section.1}% 4
\BOOKMARK [2][-]{subsection.1.4}{Componenti del gruppo}{section.1}% 5
\BOOKMARK [2][-]{subsection.1.5}{Ruoli}{section.1}% 6
\BOOKMARK [1][-]{section.2}{Introduzione}{}% 7
\BOOKMARK [2][-]{subsection.2.1}{Scopo del documento}{section.2}% 8
\BOOKMARK [2][-]{subsection.2.2}{Scopo del prodotto}{section.2}% 9
\BOOKMARK [2][-]{subsection.2.3}{Glossario}{section.2}% 10
\BOOKMARK [2][-]{subsection.2.4}{Riferimenti}{section.2}% 11
\BOOKMARK [3][-]{subsubsection.2.4.1}{Normativi}{subsection.2.4}% 12
\BOOKMARK [3][-]{subsubsection.2.4.2}{Informativi}{subsection.2.4}% 13
\BOOKMARK [2][-]{subsection.2.5}{Scadenze}{section.2}% 14
\BOOKMARK [2][-]{subsection.2.6}{Ciclo di vita}{section.2}% 15
\BOOKMARK [1][-]{section.3}{Analisi dei rischi}{}% 16
\BOOKMARK [2][-]{subsection.3.1}{Rischi relativi ai requisiti}{section.3}% 17
\BOOKMARK [3][-]{subsubsection.3.1.1}{Requisito non rilevato}{subsection.3.1}% 18
\BOOKMARK [2][-]{subsection.3.2}{Rischi tecnologici}{section.3}% 19
\BOOKMARK [3][-]{subsubsection.3.2.1}{Scarsa conoscenza delle tecnologie scelte}{subsection.3.2}% 20
\BOOKMARK [3][-]{subsubsection.3.2.2}{Malfunzionamento del servizio di personalizzazione della voce}{subsection.3.2}% 21
\BOOKMARK [3][-]{subsubsection.3.2.3}{Problemi Software}{subsection.3.2}% 22
\BOOKMARK [3][-]{subsubsection.3.2.4}{Problemi Hardware}{subsection.3.2}% 23
\BOOKMARK [2][-]{subsection.3.3}{Rischi riguardanti il gruppo}{section.3}% 24
\BOOKMARK [3][-]{subsubsection.3.3.1}{Assenze per problemi personali o di salute}{subsection.3.3}% 25
\BOOKMARK [3][-]{subsubsection.3.3.2}{Incomprensioni fra componenti}{subsection.3.3}% 26
\BOOKMARK [2][-]{subsection.3.4}{Rischi a livello organizzativo}{section.3}% 27
\BOOKMARK [3][-]{subsubsection.3.4.1}{Inesperienza lavorativa}{subsection.3.4}% 28
\BOOKMARK [3][-]{subsubsection.3.4.2}{Errori nella stima delle tempistiche}{subsection.3.4}% 29
\BOOKMARK [2][-]{subsection.3.5}{Riepilogo}{section.3}% 30
